#
# A fatal error has been detected by the Java Runtime Environment:
#
#  SIGSEGV (0xb) at pc=0x00007f2f93218125, pid=29892, tid=139842312755008
#
# JRE version: OpenJDK Runtime Environment (7.0_55-b14) (build 1.7.0_55-b14)
# Java VM: OpenJDK 64-Bit Server VM (24.51-b03 mixed mode linux-amd64 compressed oops)
# Problematic frame:
# C  [libstechec2.so+0xd125]  rules::ClientMessenger::pull()+0x25
#
# Core dump written. Default location: /home/mnimierdavi/player/java/run/core or core.29892
#
# If you would like to submit a bug report, please include
# instructions on how to reproduce the bug and visit:
#   http://icedtea.classpath.org/bugzilla
# The crash happened outside the Java Virtual Machine in native code.
# See problematic frame for where to report the bug.
#

---------------  T H R E A D  ---------------

Current thread (0x0000000002176800):  JavaThread "main" [_thread_in_native, id=29892, stack(0x00007fff9cc28000,0x00007fff9cd28000)]

siginfo:si_signo=SIGSEGV: si_errno=0, si_code=1 (SEGV_MAPERR), si_addr=0x0000000000000020

Registers:
RAX=0x0000000000000000, RBX=0x0000000000000000, RCX=0x00000000023384e0, RDX=0x0000000000000000
RSP=0x00007fff9cd24ed0, RBP=0x00007fff9cd24ed0, RSI=0x0000000000000000, RDI=0x00007fff9cd24ed0
R8 =0x00007f2f928209f0, R9 =0x00007f2f93605740, R10=0x00007fff9cd24bc0, R11=0x00007f2f92a97ba0
R12=0x00000000022733f0, R13=0x00007fff9cd24f20, R14=0x00007fff9cd24f70, R15=0x0000000002349d20
RIP=0x00007f2f93218125, EFLAGS=0x0000000000010246, CSGSFS=0x0000000000000033, ERR=0x0000000000000004
  TRAPNO=0x000000000000000e

Top of Stack: (sp=0x00007fff9cd24ed0)
0x00007fff9cd24ed0:   0000000000000000 0000000002163a50
0x00007fff9cd24ee0:   00000000022733f0 00000000022733f0
0x00007fff9cd24ef0:   00000000022733f0 00007f2f9321829e
0x00007fff9cd24f00:   000000000216e6c0 00000000022733f0
0x00007fff9cd24f10:   000000000216e6c0 00007f2f9321aa14
0x00007fff9cd24f20:   0000000002371870 0000000002349d20
0x00007fff9cd24f30:   00007fff9cd24f58 00007fff9cd25020
0x00007fff9cd24f40:   0000000000000000 000000000215fae0
0x00007fff9cd24f50:   00007fff9cd25170 0000000000000000
0x00007fff9cd24f60:   0000000000000000 00007f2f916e2678
0x00007fff9cd24f70:   000000000216e4e0 000000000216e6a0
0x00007fff9cd24f80:   00007fff9cd25020 0000000000403af6
0x00007fff9cd24f90:   000000000216e4e0 000000000216e6a0
0x00007fff9cd24fa0:   000000000215ee98 000000000215e5d8
0x00007fff9cd24fb0:   000003e80215eae8 0000000002169a20
0x00007fff9cd24fc0:   000000000216e0c0 000000000215ecb0
0x00007fff9cd24fd0:   000000000215eb00 000000000215eb20
0x00007fff9cd24fe0:   000000000215fae0 0000000000000003
0x00007fff9cd24ff0:   0000000000000000 0000000000405da0
0x00007fff9cd25000:   0000000000401fe8 0000000000401c53
0x00007fff9cd25010:   00007fff9cd251b8 000000019cd25178
0x00007fff9cd25020:   00007f2f916e2160 00007f2f916e2610
0x00007fff9cd25030:   00007f2f916e2640 000000000215ea70
0x00007fff9cd25040:   0000000002169a20 000000000216e0c0
0x00007fff9cd25050:   000000000215ecb0 000000000215eb00
0x00007fff9cd25060:   000000000215eb20 000000000215fae0
0x00007fff9cd25070:   000000000216e4e0 000000000216e6a0
0x00007fff9cd25080:   000000000215fb00 000000000215fd10
0x00007fff9cd25090:   0000000000000000 00007f2f92496000
0x00007fff9cd250a0:   0000000000401fe8 00007fff9cd25178
0x00007fff9cd250b0:   0000000900000000 0000000000401c20
0x00007fff9cd250c0:   0000000000000000 33ae75e749c8f2e0 

Instructions: (pc=0x00007f2f93218125)
0x00007f2f93218105:   53 48 83 ec 10 48 8b 7f 08 48 89 e5 e8 0a b0 ff
0x00007f2f93218115:   ff 31 d2 48 89 c3 31 f6 48 89 e7 e8 3b b3 ff ff
0x00007f2f93218125:   80 7b 20 00 75 4d 48 8b 53 18 48 8b 73 08 48 8b
0x00007f2f93218135:   0b 48 8d 42 04 48 89 f7 48 29 cf 48 39 f8 0f 87 

Register to memory mapping:

RAX=0x0000000000000000 is an unknown value
RBX=0x0000000000000000 is an unknown value
RCX=0x00000000023384e0 is an unknown value
RDX=0x0000000000000000 is an unknown value
RSP=0x00007fff9cd24ed0 is pointing into the stack for thread: 0x0000000002176800
RBP=0x00007fff9cd24ed0 is pointing into the stack for thread: 0x0000000002176800
RSI=0x0000000000000000 is an unknown value
RDI=0x00007fff9cd24ed0 is pointing into the stack for thread: 0x0000000002176800
R8 =0x00007f2f928209f0: <offset 0x3aa9f0> in /usr/lib/libc.so.6 at 0x00007f2f92476000
R9 =0x00007f2f93605740 is an unknown value
R10=0x00007fff9cd24bc0 is pointing into the stack for thread: 0x0000000002176800
R11=0x00007f2f92a97ba0: __cxa_free_exception+0 in /usr/lib/libstdc++.so.6 at 0x00007f2f92a3a000
R12=0x00000000022733f0 is an unknown value
R13=0x00007fff9cd24f20 is pointing into the stack for thread: 0x0000000002176800
R14=0x00007fff9cd24f70 is pointing into the stack for thread: 0x0000000002176800
R15=0x0000000002349d20 is an unknown value


Stack: [0x00007fff9cc28000,0x00007fff9cd28000],  sp=0x00007fff9cd24ed0,  free space=1011k
Native frames: (J=compiled Java code, j=interpreted, Vv=VM code, C=native code)
C  [libstechec2.so+0xd125]  rules::ClientMessenger::pull()+0x25


---------------  P R O C E S S  ---------------

Java Threads: ( => current thread )
  0x00007f2f44001000 JavaThread "SIGINT handler" daemon [_thread_blocked, id=30265, stack(0x00007f2f5ab42000,0x00007f2f5ac43000)]
  0x000000000221c000 JavaThread "Service Thread" daemon [_thread_blocked, id=29937, stack(0x00007f2f5b545000,0x00007f2f5b646000)]
  0x0000000002219800 JavaThread "C2 CompilerThread1" daemon [_thread_blocked, id=29936, stack(0x00007f2f5b646000,0x00007f2f5b747000)]
  0x0000000002216800 JavaThread "C2 CompilerThread0" daemon [_thread_blocked, id=29935, stack(0x00007f2f5b747000,0x00007f2f5b848000)]
  0x0000000002214800 JavaThread "Signal Dispatcher" daemon [_thread_blocked, id=29934, stack(0x00007f2f5b848000,0x00007f2f5b949000)]
  0x00000000021f1000 JavaThread "Finalizer" daemon [_thread_blocked, id=29925, stack(0x00007f2f5bb4d000,0x00007f2f5bc4e000)]
  0x00000000021ef000 JavaThread "Reference Handler" daemon [_thread_blocked, id=29923, stack(0x00007f2f5bc4e000,0x00007f2f5bd4f000)]
=>0x0000000002176800 JavaThread "main" [_thread_in_native, id=29892, stack(0x00007fff9cc28000,0x00007fff9cd28000)]

Other Threads:
  0x00000000021eb000 VMThread [stack: 0x00007f2f5bd4f000,0x00007f2f5be50000] [id=29922]
  0x0000000002226800 WatcherThread [stack: 0x00007f2f5b444000,0x00007f2f5b545000] [id=29938]

VM state:not at safepoint (normal execution)

VM Mutex/Monitor currently owned by a thread: None

Heap
 PSYoungGen      total 74752K, used 46836K [0x00000007ad000000, 0x00000007b2300000, 0x0000000800000000)
  eden space 64512K, 72% used [0x00000007ad000000,0x00000007afd5d110,0x00000007b0f00000)
  from space 10240K, 3% used [0x00000007b0f00000,0x00000007b0f60020,0x00000007b1900000)
  to   space 10240K, 0% used [0x00000007b1900000,0x00000007b1900000,0x00000007b2300000)
 ParOldGen       total 169984K, used 0K [0x0000000707000000, 0x0000000711600000, 0x00000007ad000000)
  object space 169984K, 0% used [0x0000000707000000,0x0000000707000000,0x0000000711600000)
 PSPermGen       total 21504K, used 2872K [0x00000006fca00000, 0x00000006fdf00000, 0x0000000707000000)
  object space 21504K, 13% used [0x00000006fca00000,0x00000006fccce230,0x00000006fdf00000)

Card table byte_map: [0x00007f2f873d9000,0x00007f2f87bf5000] byte_map_base: 0x00007f2f83bf4000

Polling page: 0x00007f2f93641000

Code Cache  [0x00007f2f87bf5000, 0x00007f2f87e65000, 0x00007f2f8abf5000)
 total_blobs=182 nmethods=1 adapters=135 free_code_cache=48769Kb largest_free_block=49922944

Compilation events (2 events):
Event: 5.361 Thread 0x0000000002216800    1             java.lang.String::indexOf (70 bytes)
Event: 5.371 Thread 0x0000000002216800 nmethod 1 0x00007f2f87c55810 code [0x00007f2f87c55960, 0x00007f2f87c55b08]

GC Heap History (2 events):
Event: 6.574 GC heap before
{Heap before GC invocations=1 (full 0):
 PSYoungGen      total 74752K, used 64512K [0x00000007ad000000, 0x00000007b2300000, 0x0000000800000000)
  eden space 64512K, 100% used [0x00000007ad000000,0x00000007b0f00000,0x00000007b0f00000)
  from space 10240K, 0% used [0x00000007b1900000,0x00000007b1900000,0x00000007b2300000)
  to   space 10240K, 0% used [0x00000007b0f00000,0x00000007b0f00000,0x00000007b1900000)
 ParOldGen       total 169984K, used 0K [0x0000000707000000, 0x0000000711600000, 0x00000007ad000000)
  object space 169984K, 0% used [0x0000000707000000,0x0000000707000000,0x0000000711600000)
 PSPermGen       total 21504K, used 2860K [0x00000006fca00000, 0x00000006fdf00000, 0x0000000707000000)
  object space 21504K, 13% used [0x00000006fca00000,0x00000006fcccb208,0x00000006fdf00000)
Event: 6.581 GC heap after
Heap after GC invocations=1 (full 0):
 PSYoungGen      total 74752K, used 384K [0x00000007ad000000, 0x00000007b2300000, 0x0000000800000000)
  eden space 64512K, 0% used [0x00000007ad000000,0x00000007ad000000,0x00000007b0f00000)
  from space 10240K, 3% used [0x00000007b0f00000,0x00000007b0f60020,0x00000007b1900000)
  to   space 10240K, 0% used [0x00000007b1900000,0x00000007b1900000,0x00000007b2300000)
 ParOldGen       total 169984K, used 0K [0x0000000707000000, 0x0000000711600000, 0x00000007ad000000)
  object space 169984K, 0% used [0x0000000707000000,0x0000000707000000,0x0000000711600000)
 PSPermGen       total 21504K, used 2860K [0x00000006fca00000, 0x00000006fdf00000, 0x0000000707000000)
  object space 21504K, 13% used [0x00000006fca00000,0x00000006fcccb208,0x00000006fdf00000)
}

Deoptimization events (0 events):
No events

Internal exceptions (10 events):
Event: 0.114 Thread 0x00007f2f38001000 Threw 0x00000007ad150438 at /build/java7-openjdk/src/icedtea-2.4.7/openjdk/hotspot/src/share/vm/prims/jvm.cpp:1244
Event: 0.115 Thread 0x00007f2f38001000 Threw 0x00000007ad1518f0 at /build/java7-openjdk/src/icedtea-2.4.7/openjdk/hotspot/src/share/vm/prims/jvm.cpp:1244
Event: 0.115 Thread 0x00007f2f38001000 Threw 0x00000007ad153a80 at /build/java7-openjdk/src/icedtea-2.4.7/openjdk/hotspot/src/share/vm/prims/jvm.cpp:1244
Event: 0.116 Thread 0x00007f2f38001000 Threw 0x00000007ad155230 at /build/java7-openjdk/src/icedtea-2.4.7/openjdk/hotspot/src/share/vm/prims/jvm.cpp:1244
Event: 0.116 Thread 0x00007f2f38001000 Threw 0x00000007ad156788 at /build/java7-openjdk/src/icedtea-2.4.7/openjdk/hotspot/src/share/vm/prims/jvm.cpp:1244
Event: 0.117 Thread 0x00007f2f38001000 Threw 0x00000007ad157d40 at /build/java7-openjdk/src/icedtea-2.4.7/openjdk/hotspot/src/share/vm/prims/jvm.cpp:1244
Event: 0.119 Thread 0x00007f2f38001000 Threw 0x00000007ad15c220 at /build/java7-openjdk/src/icedtea-2.4.7/openjdk/hotspot/src/share/vm/prims/jvm.cpp:1244
Event: 0.122 Thread 0x00007f2f38001000 Threw 0x00000007ad285740 at /build/java7-openjdk/src/icedtea-2.4.7/openjdk/hotspot/src/share/vm/prims/jvm.cpp:1244
Event: 0.124 Thread 0x00007f2f38001000 Threw 0x00000007ad2876c8 at /build/java7-openjdk/src/icedtea-2.4.7/openjdk/hotspot/src/share/vm/prims/jvm.cpp:1244
Event: 3.255 Thread 0x00007f2f38001000 Threw 0x00000007aebb9440 at /build/java7-openjdk/src/icedtea-2.4.7/openjdk/hotspot/src/share/vm/prims/jvm.cpp:1244

Events (10 events):
Event: 10.227 Thread 0x00007f2f38001000 Thread exited: 0x00007f2f38001000
Event: 10.344 Thread 0x00007f2f38001000 Thread added: 0x00007f2f38001000
Event: 10.345 Thread 0x00007f2f38001000 Thread exited: 0x00007f2f38001000
Event: 17.764 loading class 0x00007f2f9348dd10
Event: 17.764 loading class 0x00007f2f9348dd10 done
Event: 17.764 Thread 0x00007f2f44001000 Thread added: 0x00007f2f44001000
Event: 17.764 loading class 0x00007f2f93444460
Event: 17.765 loading class 0x00007f2f93444460 done
Event: 17.765 loading class 0x00000000021d8aa0
Event: 17.765 loading class 0x00000000021d8aa0 done


Dynamic libraries:
00400000-00408000 r-xp 00000000 00:10 21510974                           /usr/bin/stechec2-client
00607000-00608000 r--p 00007000 00:10 21510974                           /usr/bin/stechec2-client
00608000-00609000 rw-p 00008000 00:10 21510974                           /usr/bin/stechec2-client
0215d000-023a3000 rw-p 00000000 00:00 0                                  [heap]
6fca00000-6fdf00000 rw-p 00000000 00:00 0 
6fdf00000-707000000 rw-p 00000000 00:00 0 
707000000-711600000 rw-p 00000000 00:00 0 
711600000-7ad000000 rw-p 00000000 00:00 0 
7ad000000-7b2300000 rw-p 00000000 00:00 0 
7b2300000-800000000 rw-p 00000000 00:00 0 
7f2f34000000-7f2f34021000 rw-p 00000000 00:00 0 
7f2f34021000-7f2f38000000 ---p 00000000 00:00 0 
7f2f38000000-7f2f380d6000 rw-p 00000000 00:00 0 
7f2f380d6000-7f2f3c000000 ---p 00000000 00:00 0 
7f2f3c000000-7f2f3c021000 rw-p 00000000 00:00 0 
7f2f3c021000-7f2f40000000 ---p 00000000 00:00 0 
7f2f40000000-7f2f40021000 rw-p 00000000 00:00 0 
7f2f40021000-7f2f44000000 ---p 00000000 00:00 0 
7f2f44000000-7f2f44021000 rw-p 00000000 00:00 0 
7f2f44021000-7f2f48000000 ---p 00000000 00:00 0 
7f2f48000000-7f2f4806e000 rw-p 00000000 00:00 0 
7f2f4806e000-7f2f4c000000 ---p 00000000 00:00 0 
7f2f4c000000-7f2f4c021000 rw-p 00000000 00:00 0 
7f2f4c021000-7f2f50000000 ---p 00000000 00:00 0 
7f2f50000000-7f2f50021000 rw-p 00000000 00:00 0 
7f2f50021000-7f2f54000000 ---p 00000000 00:00 0 
7f2f54000000-7f2f54021000 rw-p 00000000 00:00 0 
7f2f54021000-7f2f58000000 ---p 00000000 00:00 0 
7f2f5ab42000-7f2f5ab45000 ---p 00000000 00:00 0 
7f2f5ab45000-7f2f5ac43000 rw-p 00000000 00:00 0                          [stack:30265]
7f2f5ac43000-7f2f5ac46000 ---p 00000000 00:00 0 
7f2f5ac46000-7f2f5b444000 rw-p 00000000 00:00 0 
7f2f5b444000-7f2f5b445000 ---p 00000000 00:00 0 
7f2f5b445000-7f2f5b545000 rw-p 00000000 00:00 0                          [stack:29938]
7f2f5b545000-7f2f5b548000 ---p 00000000 00:00 0 
7f2f5b548000-7f2f5b646000 rw-p 00000000 00:00 0                          [stack:29937]
7f2f5b646000-7f2f5b649000 ---p 00000000 00:00 0 
7f2f5b649000-7f2f5b747000 rw-p 00000000 00:00 0                          [stack:29936]
7f2f5b747000-7f2f5b74a000 ---p 00000000 00:00 0 
7f2f5b74a000-7f2f5b848000 rw-p 00000000 00:00 0                          [stack:29935]
7f2f5b848000-7f2f5b84b000 ---p 00000000 00:00 0 
7f2f5b84b000-7f2f5b949000 rw-p 00000000 00:00 0                          [stack:29934]
7f2f5b949000-7f2f5bb4d000 r--p 00000000 00:10 21895872                   /usr/lib/locale/locale-archive
7f2f5bb4d000-7f2f5bb50000 ---p 00000000 00:00 0 
7f2f5bb50000-7f2f5bc4e000 rw-p 00000000 00:00 0                          [stack:29925]
7f2f5bc4e000-7f2f5bc51000 ---p 00000000 00:00 0 
7f2f5bc51000-7f2f5bd4f000 rw-p 00000000 00:00 0                          [stack:29923]
7f2f5bd4f000-7f2f5bd50000 ---p 00000000 00:00 0 
7f2f5bd50000-7f2f64000000 rw-p 00000000 00:00 0                          [stack:29922]
7f2f64000000-7f2f64021000 rw-p 00000000 00:00 0 
7f2f64021000-7f2f68000000 ---p 00000000 00:00 0 
7f2f68000000-7f2f68021000 rw-p 00000000 00:00 0 
7f2f68021000-7f2f6c000000 ---p 00000000 00:00 0 
7f2f6c000000-7f2f6c021000 rw-p 00000000 00:00 0 
7f2f6c021000-7f2f70000000 ---p 00000000 00:00 0 
7f2f70000000-7f2f70021000 rw-p 00000000 00:00 0 
7f2f70021000-7f2f74000000 ---p 00000000 00:00 0 
7f2f74000000-7f2f74021000 rw-p 00000000 00:00 0 
7f2f74021000-7f2f78000000 ---p 00000000 00:00 0 
7f2f78000000-7f2f78021000 rw-p 00000000 00:00 0 
7f2f78021000-7f2f7c000000 ---p 00000000 00:00 0 
7f2f7c000000-7f2f7c021000 rw-p 00000000 00:00 0 
7f2f7c021000-7f2f80000000 ---p 00000000 00:00 0 
7f2f80000000-7f2f80021000 rw-p 00000000 00:00 0 
7f2f80021000-7f2f84000000 ---p 00000000 00:00 0 
7f2f8404a000-7f2f85cd7000 rw-p 00000000 00:00 0 
7f2f85cd7000-7f2f85e86000 r--s 01cfb000 00:10 22025674                   /usr/lib/jvm/java-7-openjdk/jre/lib/rt.jar
7f2f85e86000-7f2f866a1000 rw-p 00000000 00:00 0 
7f2f866a1000-7f2f866a2000 ---p 00000000 00:00 0 
7f2f866a2000-7f2f867a2000 rw-p 00000000 00:00 0                          [stack:29914]
7f2f867a2000-7f2f867a3000 ---p 00000000 00:00 0 
7f2f867a3000-7f2f868a3000 rw-p 00000000 00:00 0                          [stack:29912]
7f2f868a3000-7f2f868a4000 ---p 00000000 00:00 0 
7f2f868a4000-7f2f869a4000 rw-p 00000000 00:00 0                          [stack:29911]
7f2f869a4000-7f2f869a5000 ---p 00000000 00:00 0 
7f2f869a5000-7f2f86aa5000 rw-p 00000000 00:00 0                          [stack:29910]
7f2f86aa5000-7f2f86aa6000 ---p 00000000 00:00 0 
7f2f86aa6000-7f2f86ba6000 rw-p 00000000 00:00 0                          [stack:29909]
7f2f86ba6000-7f2f86ba7000 ---p 00000000 00:00 0 
7f2f86ba7000-7f2f86ca7000 rw-p 00000000 00:00 0                          [stack:29908]
7f2f86ca7000-7f2f86ca8000 ---p 00000000 00:00 0 
7f2f86ca8000-7f2f86da8000 rw-p 00000000 00:00 0                          [stack:29907]
7f2f86da8000-7f2f86da9000 ---p 00000000 00:00 0 
7f2f86da9000-7f2f86efc000 rw-p 00000000 00:00 0                          [stack:29906]
7f2f86efc000-7f2f873d9000 rw-p 00000000 00:00 0 
7f2f873d9000-7f2f873e4000 rw-p 00000000 00:00 0 
7f2f873e4000-7f2f8742c000 rw-p 00000000 00:00 0 
7f2f8742c000-7f2f8747f000 rw-p 00000000 00:00 0 
7f2f8747f000-7f2f8795c000 rw-p 00000000 00:00 0 
7f2f8795c000-7f2f87986000 rw-p 00000000 00:00 0 
7f2f87986000-7f2f87bf4000 rw-p 00000000 00:00 0 
7f2f87bf4000-7f2f87bf5000 rw-p 00000000 00:00 0 
7f2f87bf5000-7f2f87e65000 rwxp 00000000 00:00 0 
7f2f87e65000-7f2f8abf5000 rw-p 00000000 00:00 0 
7f2f8abf5000-7f2f8ac0a000 r-xp 00000000 00:10 21510846                   /usr/lib/libz.so.1.2.8
7f2f8ac0a000-7f2f8ae09000 ---p 00015000 00:10 21510846                   /usr/lib/libz.so.1.2.8
7f2f8ae09000-7f2f8ae0a000 r--p 00014000 00:10 21510846                   /usr/lib/libz.so.1.2.8
7f2f8ae0a000-7f2f8ae0b000 rw-p 00015000 00:10 21510846                   /usr/lib/libz.so.1.2.8
7f2f8ae0b000-7f2f8ae13000 r-xp 00000000 00:10 22025707                   /usr/lib/jvm/java-7-openjdk/jre/lib/amd64/libzip.so
7f2f8ae13000-7f2f8b012000 ---p 00008000 00:10 22025707                   /usr/lib/jvm/java-7-openjdk/jre/lib/amd64/libzip.so
7f2f8b012000-7f2f8b013000 rw-p 00007000 00:10 22025707                   /usr/lib/jvm/java-7-openjdk/jre/lib/amd64/libzip.so
7f2f8b013000-7f2f8b03e000 r-xp 00000000 00:10 22025686                   /usr/lib/jvm/java-7-openjdk/jre/lib/amd64/libjava.so
7f2f8b03e000-7f2f8b23d000 ---p 0002b000 00:10 22025686                   /usr/lib/jvm/java-7-openjdk/jre/lib/amd64/libjava.so
7f2f8b23d000-7f2f8b23f000 rw-p 0002a000 00:10 22025686                   /usr/lib/jvm/java-7-openjdk/jre/lib/amd64/libjava.so
7f2f8b23f000-7f2f8bd1f000 r-xp 00000000 00:10 22025712                   /usr/lib/jvm/java-7-openjdk/jre/lib/amd64/server/libjvm.so
7f2f8bd1f000-7f2f8bf1e000 ---p 00ae0000 00:10 22025712                   /usr/lib/jvm/java-7-openjdk/jre/lib/amd64/server/libjvm.so
7f2f8bf1e000-7f2f8bfd3000 rw-p 00adf000 00:10 22025712                   /usr/lib/jvm/java-7-openjdk/jre/lib/amd64/server/libjvm.so
7f2f8bfd3000-7f2f8c000000 rw-p 00000000 00:00 0 
7f2f8c000000-7f2f8c021000 rw-p 00000000 00:00 0 
7f2f8c021000-7f2f90000000 ---p 00000000 00:00 0 
7f2f90017000-7f2f9008d000 rw-p 00000000 00:00 0 
7f2f9008d000-7f2f9009a000 r-xp 00000000 00:10 22025706                   /usr/lib/jvm/java-7-openjdk/jre/lib/amd64/libverify.so
7f2f9009a000-7f2f90299000 ---p 0000d000 00:10 22025706                   /usr/lib/jvm/java-7-openjdk/jre/lib/amd64/libverify.so
7f2f90299000-7f2f9029b000 rw-p 0000c000 00:10 22025706                   /usr/lib/jvm/java-7-openjdk/jre/lib/amd64/libverify.so
7f2f9029b000-7f2f902b9000 r-xp 00000000 2b:00 2466                       /home/mnimierdavi/player/java/run/current/champion.so
7f2f902b9000-7f2f904b9000 ---p 0001e000 2b:00 2466                       /home/mnimierdavi/player/java/run/current/champion.so
7f2f904b9000-7f2f904bb000 rw-p 0001e000 2b:00 2466                       /home/mnimierdavi/player/java/run/current/champion.so
7f2f904bb000-7f2f904bc000 ---p 00000000 00:00 0 
7f2f904bc000-7f2f90cbc000 rw-p 00000000 00:00 0                          [stack:29899]
7f2f90cbc000-7f2f90cbd000 ---p 00000000 00:00 0 
7f2f90cbd000-7f2f914bd000 rw-p 00000000 00:00 0                          [stack:29898]
7f2f914bd000-7f2f914c8000 r-xp 00000000 00:10 21510402                   /usr/lib/libnss_files-2.19.so
7f2f914c8000-7f2f916c7000 ---p 0000b000 00:10 21510402                   /usr/lib/libnss_files-2.19.so
7f2f916c7000-7f2f916c8000 r--p 0000a000 00:10 21510402                   /usr/lib/libnss_files-2.19.so
7f2f916c8000-7f2f916c9000 rw-p 0000b000 00:10 21510402                   /usr/lib/libnss_files-2.19.so
7f2f916c9000-7f2f916f1000 r-xp 00000000 00:10 21496403                   /usr/lib/libprologin2014.so
7f2f916f1000-7f2f918f1000 ---p 00028000 00:10 21496403                   /usr/lib/libprologin2014.so
7f2f918f1000-7f2f918f2000 r--p 00028000 00:10 21496403                   /usr/lib/libprologin2014.so
7f2f918f2000-7f2f918f3000 rw-p 00029000 00:10 21496403                   /usr/lib/libprologin2014.so
7f2f918f3000-7f2f919f6000 r-xp 00000000 00:10 21510298                   /usr/lib/libm-2.19.so
7f2f919f6000-7f2f91bf5000 ---p 00103000 00:10 21510298                   /usr/lib/libm-2.19.so
7f2f91bf5000-7f2f91bf6000 r--p 00102000 00:10 21510298                   /usr/lib/libm-2.19.so
7f2f91bf6000-7f2f91bf7000 rw-p 00103000 00:10 21510298                   /usr/lib/libm-2.19.so
7f2f91bf7000-7f2f91c0f000 r-xp 00000000 00:10 21510513                   /usr/lib/libpthread-2.19.so
7f2f91c0f000-7f2f91e0f000 ---p 00018000 00:10 21510513                   /usr/lib/libpthread-2.19.so
7f2f91e0f000-7f2f91e10000 r--p 00018000 00:10 21510513                   /usr/lib/libpthread-2.19.so
7f2f91e10000-7f2f91e11000 rw-p 00019000 00:10 21510513                   /usr/lib/libpthread-2.19.so
7f2f91e11000-7f2f91e15000 rw-p 00000000 00:00 0 
7f2f91e15000-7f2f91e1c000 r-xp 00000000 00:10 21510567                   /usr/lib/librt-2.19.so
7f2f91e1c000-7f2f9201b000 ---p 00007000 00:10 21510567                   /usr/lib/librt-2.19.so
7f2f9201b000-7f2f9201c000 r--p 00006000 00:10 21510567                   /usr/lib/librt-2.19.so
7f2f9201c000-7f2f9201d000 rw-p 00007000 00:10 21510567                   /usr/lib/librt-2.19.so
7f2f9201d000-7f2f92069000 r-xp 00000000 00:10 21510601                   /usr/lib/libsodium.so.4.5.0
7f2f92069000-7f2f92268000 ---p 0004c000 00:10 21510601                   /usr/lib/libsodium.so.4.5.0
7f2f92268000-7f2f92269000 r--p 0004b000 00:10 21510601                   /usr/lib/libsodium.so.4.5.0
7f2f92269000-7f2f92272000 rw-p 0004c000 00:10 21510601                   /usr/lib/libsodium.so.4.5.0
7f2f92272000-7f2f92275000 r-xp 00000000 00:10 21509760                   /usr/lib/libdl-2.19.so
7f2f92275000-7f2f92474000 ---p 00003000 00:10 21509760                   /usr/lib/libdl-2.19.so
7f2f92474000-7f2f92475000 r--p 00002000 00:10 21509760                   /usr/lib/libdl-2.19.so
7f2f92475000-7f2f92476000 rw-p 00003000 00:10 21509760                   /usr/lib/libdl-2.19.so
7f2f92476000-7f2f9261a000 r-xp 00000000 00:10 21509640                   /usr/lib/libc-2.19.so
7f2f9261a000-7f2f9281a000 ---p 001a4000 00:10 21509640                   /usr/lib/libc-2.19.so
7f2f9281a000-7f2f9281e000 r--p 001a4000 00:10 21509640                   /usr/lib/libc-2.19.so
7f2f9281e000-7f2f92820000 rw-p 001a8000 00:10 21509640                   /usr/lib/libc-2.19.so
7f2f92820000-7f2f92824000 rw-p 00000000 00:00 0 
7f2f92824000-7f2f9283a000 r-xp 00000000 00:10 21509853                   /usr/lib/libgcc_s.so.1
7f2f9283a000-7f2f92a39000 ---p 00016000 00:10 21509853                   /usr/lib/libgcc_s.so.1
7f2f92a39000-7f2f92a3a000 rw-p 00015000 00:10 21509853                   /usr/lib/libgcc_s.so.1
7f2f92a3a000-7f2f92b27000 r-xp 00000000 00:10 21510625                   /usr/lib/libstdc++.so.6.0.20
7f2f92b27000-7f2f92d26000 ---p 000ed000 00:10 21510625                   /usr/lib/libstdc++.so.6.0.20
7f2f92d26000-7f2f92d2e000 r--p 000ec000 00:10 21510625                   /usr/lib/libstdc++.so.6.0.20
7f2f92d2e000-7f2f92d30000 rw-p 000f4000 00:10 21510625                   /usr/lib/libstdc++.so.6.0.20
7f2f92d30000-7f2f92d45000 rw-p 00000000 00:00 0 
7f2f92d45000-7f2f92d64000 r-xp 00000000 00:10 21509880                   /usr/lib/libgflags.so.2.1.0
7f2f92d64000-7f2f92f64000 ---p 0001f000 00:10 21509880                   /usr/lib/libgflags.so.2.1.0
7f2f92f64000-7f2f92f65000 r--p 0001f000 00:10 21509880                   /usr/lib/libgflags.so.2.1.0
7f2f92f65000-7f2f92f66000 rw-p 00020000 00:10 21509880                   /usr/lib/libgflags.so.2.1.0
7f2f92f66000-7f2f93002000 r-xp 00000000 00:10 21510850                   /usr/lib/libzmq.so.3.1.0
7f2f93002000-7f2f93202000 ---p 0009c000 00:10 21510850                   /usr/lib/libzmq.so.3.1.0
7f2f93202000-7f2f93206000 r--p 0009c000 00:10 21510850                   /usr/lib/libzmq.so.3.1.0
7f2f93206000-7f2f93207000 rw-p 000a0000 00:10 21510850                   /usr/lib/libzmq.so.3.1.0
7f2f93207000-7f2f9320b000 rw-p 00000000 00:00 0 
7f2f9320b000-7f2f93220000 r-xp 00000000 00:10 21511019                   /usr/lib/libstechec2.so
7f2f93220000-7f2f93420000 ---p 00015000 00:10 21511019                   /usr/lib/libstechec2.so
7f2f93420000-7f2f93421000 r--p 00015000 00:10 21511019                   /usr/lib/libstechec2.so
7f2f93421000-7f2f93422000 rw-p 00016000 00:10 21511019                   /usr/lib/libstechec2.so
7f2f93422000-7f2f93443000 r-xp 00000000 00:10 21509235                   /usr/lib/ld-2.19.so
7f2f93444000-7f2f934fc000 rw-p 00000000 00:00 0 
7f2f934fc000-7f2f93544000 rw-p 00000000 00:00 0 
7f2f93544000-7f2f9354e000 rw-p 00000000 00:00 0 
7f2f9354e000-7f2f93604000 rw-p 00000000 00:00 0 
7f2f93604000-7f2f9360d000 rw-p 00000000 00:00 0 
7f2f9360d000-7f2f93610000 r--s 0000f000 00:10 22025722                   /usr/lib/jvm/java-7-openjdk/jre/lib/ext/pulse-java.jar
7f2f93610000-7f2f93638000 rw-p 00000000 00:00 0 
7f2f93638000-7f2f93640000 rw-s 00000000 00:24 663963                     /tmp/hsperfdata_mnimierdavi/29892
7f2f93640000-7f2f93641000 rw-p 00000000 00:00 0 
7f2f93641000-7f2f93642000 r--p 00000000 00:00 0 
7f2f93642000-7f2f93643000 r--p 00020000 00:10 21509235                   /usr/lib/ld-2.19.so
7f2f93643000-7f2f93644000 rw-p 00021000 00:10 21509235                   /usr/lib/ld-2.19.so
7f2f93644000-7f2f93645000 rw-p 00000000 00:00 0 
7fff9cc28000-7fff9cc2b000 ---p 00000000 00:00 0 
7fff9cc2c000-7fff9cd28000 rw-p 00000000 00:00 0                          [stack]
7fff9cd72000-7fff9cd74000 r-xp 00000000 00:00 0                          [vdso]
ffffffffff600000-ffffffffff601000 r-xp 00000000 00:00 0                  [vsyscall]

VM Arguments:
jvm_args: -ea 
java_command: <unknown>
Launcher Type: generic

Environment Variables:
JAVA_HOME=/usr/lib/jvm/java-7-openjdk
PATH=/usr/local/sbin:/usr/local/bin:/usr/bin:/usr/bin/core_perl
SHELL=/bin/zsh
DISPLAY=:0

Signal Handlers:
SIGSEGV: [libjvm.so+0x9180e0], sa_mask[0]=0x7ffbfeff, sa_flags=0x10000004
SIGBUS: [libjvm.so+0x9180e0], sa_mask[0]=0x7ffbfeff, sa_flags=0x10000004
SIGFPE: [libjvm.so+0x795930], sa_mask[0]=0x7ffbfeff, sa_flags=0x10000004
SIGPIPE: [libjvm.so+0x795930], sa_mask[0]=0x7ffbfeff, sa_flags=0x10000004
SIGXFSZ: [libjvm.so+0x795930], sa_mask[0]=0x7ffbfeff, sa_flags=0x10000004
SIGILL: [libjvm.so+0x795930], sa_mask[0]=0x7ffbfeff, sa_flags=0x10000004
SIGUSR1: SIG_DFL, sa_mask[0]=0x00000000, sa_flags=0x00000000
SIGUSR2: [libjvm.so+0x7957d0], sa_mask[0]=0x00000000, sa_flags=0x10000004
SIGHUP: [libjvm.so+0x7959b0], sa_mask[0]=0x7ffbfeff, sa_flags=0x10000004
SIGINT: [libjvm.so+0x7959b0], sa_mask[0]=0x7ffbfeff, sa_flags=0x10000004
SIGTERM: [libjvm.so+0x7959b0], sa_mask[0]=0x7ffbfeff, sa_flags=0x10000004
SIGQUIT: [libjvm.so+0x7959b0], sa_mask[0]=0x7ffbfeff, sa_flags=0x10000004


---------------  S Y S T E M  ---------------

OS:Linux
uname:Linux 3.14.2-1-ARCH #1 SMP PREEMPT Sun Apr 27 11:28:44 CEST 2014 x86_64
libc:glibc 2.19 NPTL 2.19 
rlimit: STACK 8192k, CORE infinity, NPROC 127371, NOFILE 4096, AS infinity
load average:0.45 0.26 0.24

/proc/meminfo:
MemTotal:       16310492 kB
MemFree:        12066420 kB
MemAvailable:   13008432 kB
Buffers:           50536 kB
Cached:          1913152 kB
SwapCached:            0 kB
Active:          2301020 kB
Inactive:        1626488 kB
Active(anon):    1972920 kB
Inactive(anon):   886468 kB
Active(file):     328100 kB
Inactive(file):   740020 kB
Unevictable:          32 kB
Mlocked:              32 kB
SwapTotal:             0 kB
SwapFree:              0 kB
Dirty:                 0 kB
Writeback:             0 kB
AnonPages:       1963932 kB
Mapped:           286732 kB
Shmem:            895576 kB
Slab:             122288 kB
SReclaimable:      85668 kB
SUnreclaim:        36620 kB
KernelStack:        4776 kB
PageTables:        38080 kB
NFS_Unstable:          0 kB
Bounce:                0 kB
WritebackTmp:          0 kB
CommitLimit:     8155244 kB
Committed_AS:    6151036 kB
VmallocTotal:   34359738367 kB
VmallocUsed:      386784 kB
VmallocChunk:   34359333552 kB
HardwareCorrupted:     0 kB
AnonHugePages:   1230848 kB
HugePages_Total:       0
HugePages_Free:        0
HugePages_Rsvd:        0
HugePages_Surp:        0
Hugepagesize:       2048 kB
DirectMap4k:       15696 kB
DirectMap2M:    16633856 kB


CPU:total 8 (4 cores per cpu, 2 threads per core) family 6 model 58 stepping 9, cmov, cx8, fxsr, mmx, sse, sse2, sse3, ssse3, sse4.1, sse4.2, popcnt, avx, aes, erms, ht, tsc, tscinvbit, tscinv

/proc/cpuinfo:
processor	: 0
vendor_id	: GenuineIntel
cpu family	: 6
model		: 58
model name	: Intel(R) Core(TM) i7-3770 CPU @ 3.40GHz
stepping	: 9
microcode	: 0x12
cpu MHz		: 1627.750
cache size	: 8192 KB
physical id	: 0
siblings	: 8
core id		: 0
cpu cores	: 4
apicid		: 0
initial apicid	: 0
fpu		: yes
fpu_exception	: yes
cpuid level	: 13
wp		: yes
flags		: fpu vme de pse tsc msr pae mce cx8 apic sep mtrr pge mca cmov pat pse36 clflush dts acpi mmx fxsr sse sse2 ss ht tm pbe syscall nx rdtscp lm constant_tsc arch_perfmon pebs bts rep_good nopl xtopology nonstop_tsc aperfmperf eagerfpu pni pclmulqdq dtes64 monitor ds_cpl vmx smx est tm2 ssse3 cx16 xtpr pdcm pcid sse4_1 sse4_2 x2apic popcnt tsc_deadline_timer aes xsave avx f16c rdrand lahf_lm ida arat epb xsaveopt pln pts dtherm tpr_shadow vnmi flexpriority ept vpid fsgsbase smep erms
bogomips	: 6787.06
clflush size	: 64
cache_alignment	: 64
address sizes	: 36 bits physical, 48 bits virtual
power management:

processor	: 1
vendor_id	: GenuineIntel
cpu family	: 6
model		: 58
model name	: Intel(R) Core(TM) i7-3770 CPU @ 3.40GHz
stepping	: 9
microcode	: 0x12
cpu MHz		: 1627.750
cache size	: 8192 KB
physical id	: 0
siblings	: 8
core id		: 1
cpu cores	: 4
apicid		: 2
initial apicid	: 2
fpu		: yes
fpu_exception	: yes
cpuid level	: 13
wp		: yes
flags		: fpu vme de pse tsc msr pae mce cx8 apic sep mtrr pge mca cmov pat pse36 clflush dts acpi mmx fxsr sse sse2 ss ht tm pbe syscall nx rdtscp lm constant_tsc arch_perfmon pebs bts rep_good nopl xtopology nonstop_tsc aperfmperf eagerfpu pni pclmulqdq dtes64 monitor ds_cpl vmx smx est tm2 ssse3 cx16 xtpr pdcm pcid sse4_1 sse4_2 x2apic popcnt tsc_deadline_timer aes xsave avx f16c rdrand lahf_lm ida arat epb xsaveopt pln pts dtherm tpr_shadow vnmi flexpriority ept vpid fsgsbase smep erms
bogomips	: 6787.06
clflush size	: 64
cache_alignment	: 64
address sizes	: 36 bits physical, 48 bits virtual
power management:

processor	: 2
vendor_id	: GenuineIntel
cpu family	: 6
model		: 58
model name	: Intel(R) Core(TM) i7-3770 CPU @ 3.40GHz
stepping	: 9
microcode	: 0x12
cpu MHz		: 1627.750
cache size	: 8192 KB
physical id	: 0
siblings	: 8
core id		: 2
cpu cores	: 4
apicid		: 4
initial apicid	: 4
fpu		: yes
fpu_exception	: yes
cpuid level	: 13
wp		: yes
flags		: fpu vme de pse tsc msr pae mce cx8 apic sep mtrr pge mca cmov pat pse36 clflush dts acpi mmx fxsr sse sse2 ss ht tm pbe syscall nx rdtscp lm constant_tsc arch_perfmon pebs bts rep_good nopl xtopology nonstop_tsc aperfmperf eagerfpu pni pclmulqdq dtes64 monitor ds_cpl vmx smx est tm2 ssse3 cx16 xtpr pdcm pcid sse4_1 sse4_2 x2apic popcnt tsc_deadline_timer aes xsave avx f16c rdrand lahf_lm ida arat epb xsaveopt pln pts dtherm tpr_shadow vnmi flexpriority ept vpid fsgsbase smep erms
bogomips	: 6787.06
clflush size	: 64
cache_alignment	: 64
address sizes	: 36 bits physical, 48 bits virtual
power management:

processor	: 3
vendor_id	: GenuineIntel
cpu family	: 6
model		: 58
model name	: Intel(R) Core(TM) i7-3770 CPU @ 3.40GHz
stepping	: 9
microcode	: 0x12
cpu MHz		: 1627.750
cache size	: 8192 KB
physical id	: 0
siblings	: 8
core id		: 3
cpu cores	: 4
apicid		: 6
initial apicid	: 6
fpu		: yes
fpu_exception	: yes
cpuid level	: 13
wp		: yes
flags		: fpu vme de pse tsc msr pae mce cx8 apic sep mtrr pge mca cmov pat pse36 clflush dts acpi mmx fxsr sse sse2 ss ht tm pbe syscall nx rdtscp lm constant_tsc arch_perfmon pebs bts rep_good nopl xtopology nonstop_tsc aperfmperf eagerfpu pni pclmulqdq dtes64 monitor ds_cpl vmx smx est tm2 ssse3 cx16 xtpr pdcm pcid sse4_1 sse4_2 x2apic popcnt tsc_deadline_timer aes xsave avx f16c rdrand lahf_lm ida arat epb xsaveopt pln pts dtherm tpr_shadow vnmi flexpriority ept vpid fsgsbase smep erms
bogomips	: 6787.06
clflush size	: 64
cache_alignment	: 64
address sizes	: 36 bits physical, 48 bits virtual
power management:

processor	: 4
vendor_id	: GenuineIntel
cpu family	: 6
model		: 58
model name	: Intel(R) Core(TM) i7-3770 CPU @ 3.40GHz
stepping	: 9
microcode	: 0x12
cpu MHz		: 1627.750
cache size	: 8192 KB
physical id	: 0
siblings	: 8
core id		: 0
cpu cores	: 4
apicid		: 1
initial apicid	: 1
fpu		: yes
fpu_exception	: yes
cpuid level	: 13
wp		: yes
flags		: fpu vme de pse tsc msr pae mce cx8 apic sep mtrr pge mca cmov pat pse36 clflush dts acpi mmx fxsr sse sse2 ss ht tm pbe syscall nx rdtscp lm constant_tsc arch_perfmon pebs bts rep_good nopl xtopology nonstop_tsc aperfmperf eagerfpu pni pclmulqdq dtes64 monitor ds_cpl vmx smx est tm2 ssse3 cx16 xtpr pdcm pcid sse4_1 sse4_2 x2apic popcnt tsc_deadline_timer aes xsave avx f16c rdrand lahf_lm ida arat epb xsaveopt pln pts dtherm tpr_shadow vnmi flexpriority ept vpid fsgsbase smep erms
bogomips	: 6787.06
clflush size	: 64
cache_alignment	: 64
address sizes	: 36 bits physical, 48 bits virtual
power management:

processor	: 5
vendor_id	: GenuineIntel
cpu family	: 6
model		: 58
model name	: Intel(R) Core(TM) i7-3770 CPU @ 3.40GHz
stepping	: 9
microcode	: 0x12
cpu MHz		: 1627.750
cache size	: 8192 KB
physical id	: 0
siblings	: 8
core id		: 1
cpu cores	: 4
apicid		: 3
initial apicid	: 3
fpu		: yes
fpu_exception	: yes
cpuid level	: 13
wp		: yes
flags		: fpu vme de pse tsc msr pae mce cx8 apic sep mtrr pge mca cmov pat pse36 clflush dts acpi mmx fxsr sse sse2 ss ht tm pbe syscall nx rdtscp lm constant_tsc arch_perfmon pebs bts rep_good nopl xtopology nonstop_tsc aperfmperf eagerfpu pni pclmulqdq dtes64 monitor ds_cpl vmx smx est tm2 ssse3 cx16 xtpr pdcm pcid sse4_1 sse4_2 x2apic popcnt tsc_deadline_timer aes xsave avx f16c rdrand lahf_lm ida arat epb xsaveopt pln pts dtherm tpr_shadow vnmi flexpriority ept vpid fsgsbase smep erms
bogomips	: 6787.06
clflush size	: 64
cache_alignment	: 64
address sizes	: 36 bits physical, 48 bits virtual
power management:

processor	: 6
vendor_id	: GenuineIntel
cpu family	: 6
model		: 58
model name	: Intel(R) Core(TM) i7-3770 CPU @ 3.40GHz
stepping	: 9
microcode	: 0x12
cpu MHz		: 1627.750
cache size	: 8192 KB
physical id	: 0
siblings	: 8
core id		: 2
cpu cores	: 4
apicid		: 5
initial apicid	: 5
fpu		: yes
fpu_exception	: yes
cpuid level	: 13
wp		: yes
flags		: fpu vme de pse tsc msr pae mce cx8 apic sep mtrr pge mca cmov pat pse36 clflush dts acpi mmx fxsr sse sse2 ss ht tm pbe syscall nx rdtscp lm constant_tsc arch_perfmon pebs bts rep_good nopl xtopology nonstop_tsc aperfmperf eagerfpu pni pclmulqdq dtes64 monitor ds_cpl vmx smx est tm2 ssse3 cx16 xtpr pdcm pcid sse4_1 sse4_2 x2apic popcnt tsc_deadline_timer aes xsave avx f16c rdrand lahf_lm ida arat epb xsaveopt pln pts dtherm tpr_shadow vnmi flexpriority ept vpid fsgsbase smep erms
bogomips	: 6787.06
clflush size	: 64
cache_alignment	: 64
address sizes	: 36 bits physical, 48 bits virtual
power management:

processor	: 7
vendor_id	: GenuineIntel
cpu family	: 6
model		: 58
model name	: Intel(R) Core(TM) i7-3770 CPU @ 3.40GHz
stepping	: 9
microcode	: 0x12
cpu MHz		: 1627.750
cache size	: 8192 KB
physical id	: 0
siblings	: 8
core id		: 3
cpu cores	: 4
apicid		: 7
initial apicid	: 7
fpu		: yes
fpu_exception	: yes
cpuid level	: 13
wp		: yes
flags		: fpu vme de pse tsc msr pae mce cx8 apic sep mtrr pge mca cmov pat pse36 clflush dts acpi mmx fxsr sse sse2 ss ht tm pbe syscall nx rdtscp lm constant_tsc arch_perfmon pebs bts rep_good nopl xtopology nonstop_tsc aperfmperf eagerfpu pni pclmulqdq dtes64 monitor ds_cpl vmx smx est tm2 ssse3 cx16 xtpr pdcm pcid sse4_1 sse4_2 x2apic popcnt tsc_deadline_timer aes xsave avx f16c rdrand lahf_lm ida arat epb xsaveopt pln pts dtherm tpr_shadow vnmi flexpriority ept vpid fsgsbase smep erms
bogomips	: 6787.06
clflush size	: 64
cache_alignment	: 64
address sizes	: 36 bits physical, 48 bits virtual
power management:



Memory: 4k page, physical 16310492k(12066420k free), swap 0k(0k free)

vm_info: OpenJDK 64-Bit Server VM (24.51-b03) for linux-amd64 JRE (1.7.0_55-b14), built on Apr 16 2014 11:37:37 by "nobody" with gcc 4.8.2 20140206 (prerelease)

time: Fri May  9 10:18:11 2014
elapsed time: 17 seconds

