#
# A fatal error has been detected by the Java Runtime Environment:
#
#  SIGSEGV (0xb) at pc=0x00007fe2e5d9a125, pid=29889, tid=140612499699520
#
# JRE version: OpenJDK Runtime Environment (7.0_55-b14) (build 1.7.0_55-b14)
# Java VM: OpenJDK 64-Bit Server VM (24.51-b03 mixed mode linux-amd64 compressed oops)
# Problematic frame:
# C  [libstechec2.so+0xd125]  rules::ClientMessenger::pull()+0x25
#
# Core dump written. Default location: /home/mnimierdavi/player/java/run/core or core.29889
#
# If you would like to submit a bug report, please include
# instructions on how to reproduce the bug and visit:
#   http://icedtea.classpath.org/bugzilla
# The crash happened outside the Java Virtual Machine in native code.
# See problematic frame for where to report the bug.
#

---------------  T H R E A D  ---------------

Current thread (0x00000000017f7800):  JavaThread "main" [_thread_in_native, id=29889, stack(0x00007fffcd8cb000,0x00007fffcd9cb000)]

siginfo:si_signo=SIGSEGV: si_errno=0, si_code=1 (SEGV_MAPERR), si_addr=0x0000000000000020

Registers:
RAX=0x0000000000000000, RBX=0x0000000000000000, RCX=0x00007fe2e50d481d, RDX=0x0000000000000000
RSP=0x00007fffcd9c86a0, RBP=0x00007fffcd9c86a0, RSI=0x0000000000000000, RDI=0x00007fffcd9c86a0
R8 =0x00007fe2e53a29f0, R9 =0x00007fe2e6187740, R10=0x00007fffcd9c8390, R11=0x00007fe2e5619ba0
R12=0x00000000018f47d0, R13=0x00007fffcd9c86f0, R14=0x00007fffcd9c8740, R15=0x00000000018e3270
RIP=0x00007fe2e5d9a125, EFLAGS=0x0000000000010246, CSGSFS=0x0000000000000033, ERR=0x0000000000000004
  TRAPNO=0x000000000000000e

Top of Stack: (sp=0x00007fffcd9c86a0)
0x00007fffcd9c86a0:   0000000000000000 00000000017e4a50
0x00007fffcd9c86b0:   00000000018f47d0 00000000018f47d0
0x00007fffcd9c86c0:   00000000018f47d0 00007fe2e5d9a29e
0x00007fffcd9c86d0:   00000000017ef6c0 00000000018f47d0
0x00007fffcd9c86e0:   00000000017ef6c0 00007fe2e5d9ca14
0x00007fffcd9c86f0:   000000000191e460 00000000018e3270
0x00007fffcd9c8700:   00007fffcd9c8728 00007fffcd9c87f0
0x00007fffcd9c8710:   0000000000000000 00000000017e0ae0
0x00007fffcd9c8720:   00007fffcd9c8940 0000000000000000
0x00007fffcd9c8730:   0000000000000000 00007fe2e4264678
0x00007fffcd9c8740:   00000000017ef4e0 00000000017ef6a0
0x00007fffcd9c8750:   00007fffcd9c87f0 0000000000403af6
0x00007fffcd9c8760:   00000000017ef4e0 00000000017ef6a0
0x00007fffcd9c8770:   00000000017dfe98 00000000017df5d8
0x00007fffcd9c8780:   000003e8017dfae8 00000000017eaa20
0x00007fffcd9c8790:   00000000017ef0c0 00000000017dfcb0
0x00007fffcd9c87a0:   00000000017dfb00 00000000017dfb20
0x00007fffcd9c87b0:   00000000017e0ae0 0000000000000003
0x00007fffcd9c87c0:   0000000000000000 0000000000405da0
0x00007fffcd9c87d0:   0000000000401fe8 0000000000401c53
0x00007fffcd9c87e0:   00007fffcd9c8988 00000001cd9c8948
0x00007fffcd9c87f0:   00007fe2e4264160 00007fe2e4264610
0x00007fffcd9c8800:   00007fe2e4264640 00000000017dfa70
0x00007fffcd9c8810:   00000000017eaa20 00000000017ef0c0
0x00007fffcd9c8820:   00000000017dfcb0 00000000017dfb00
0x00007fffcd9c8830:   00000000017dfb20 00000000017e0ae0
0x00007fffcd9c8840:   00000000017ef4e0 00000000017ef6a0
0x00007fffcd9c8850:   00000000017e0b00 00000000017e0d10
0x00007fffcd9c8860:   0000000000000000 00007fe2e5018000
0x00007fffcd9c8870:   0000000000401fe8 00007fffcd9c8948
0x00007fffcd9c8880:   0000000900000000 0000000000401c20
0x00007fffcd9c8890:   0000000000000000 151b77b9e2776e73 

Instructions: (pc=0x00007fe2e5d9a125)
0x00007fe2e5d9a105:   53 48 83 ec 10 48 8b 7f 08 48 89 e5 e8 0a b0 ff
0x00007fe2e5d9a115:   ff 31 d2 48 89 c3 31 f6 48 89 e7 e8 3b b3 ff ff
0x00007fe2e5d9a125:   80 7b 20 00 75 4d 48 8b 53 18 48 8b 73 08 48 8b
0x00007fe2e5d9a135:   0b 48 8d 42 04 48 89 f7 48 29 cf 48 39 f8 0f 87 

Register to memory mapping:

RAX=0x0000000000000000 is an unknown value
RBX=0x0000000000000000 is an unknown value
RCX=0x00007fe2e50d481d: __write+0x2d in /usr/lib/libc.so.6 at 0x00007fe2e4ff8000
RDX=0x0000000000000000 is an unknown value
RSP=0x00007fffcd9c86a0 is pointing into the stack for thread: 0x00000000017f7800
RBP=0x00007fffcd9c86a0 is pointing into the stack for thread: 0x00000000017f7800
RSI=0x0000000000000000 is an unknown value
RDI=0x00007fffcd9c86a0 is pointing into the stack for thread: 0x00000000017f7800
R8 =0x00007fe2e53a29f0: <offset 0x3aa9f0> in /usr/lib/libc.so.6 at 0x00007fe2e4ff8000
R9 =0x00007fe2e6187740 is an unknown value
R10=0x00007fffcd9c8390 is pointing into the stack for thread: 0x00000000017f7800
R11=0x00007fe2e5619ba0: __cxa_free_exception+0 in /usr/lib/libstdc++.so.6 at 0x00007fe2e55bc000
R12=0x00000000018f47d0 is an unknown value
R13=0x00007fffcd9c86f0 is pointing into the stack for thread: 0x00000000017f7800
R14=0x00007fffcd9c8740 is pointing into the stack for thread: 0x00000000017f7800
R15=0x00000000018e3270 is an unknown value


Stack: [0x00007fffcd8cb000,0x00007fffcd9cb000],  sp=0x00007fffcd9c86a0,  free space=1013k
Native frames: (J=compiled Java code, j=interpreted, Vv=VM code, C=native code)
C  [libstechec2.so+0xd125]  rules::ClientMessenger::pull()+0x25


---------------  P R O C E S S  ---------------

Java Threads: ( => current thread )
  0x00007fe298001000 JavaThread "SIGINT handler" daemon [_thread_blocked, id=30264, stack(0x00007fe2c98bd000,0x00007fe2c99be000)]
  0x000000000189d000 JavaThread "Service Thread" daemon [_thread_blocked, id=29932, stack(0x00007fe2ca2c0000,0x00007fe2ca3c1000)]
  0x000000000189a800 JavaThread "C2 CompilerThread1" daemon [_thread_blocked, id=29931, stack(0x00007fe2ca3c1000,0x00007fe2ca4c2000)]
  0x0000000001897800 JavaThread "C2 CompilerThread0" daemon [_thread_blocked, id=29930, stack(0x00007fe2ca4c2000,0x00007fe2ca5c3000)]
  0x0000000001895800 JavaThread "Signal Dispatcher" daemon [_thread_blocked, id=29929, stack(0x00007fe2ca5c3000,0x00007fe2ca6c4000)]
  0x0000000001872000 JavaThread "Finalizer" daemon [_thread_blocked, id=29928, stack(0x00007fe2ca8c8000,0x00007fe2ca9c9000)]
  0x0000000001870000 JavaThread "Reference Handler" daemon [_thread_blocked, id=29927, stack(0x00007fe2ca9c9000,0x00007fe2caaca000)]
=>0x00000000017f7800 JavaThread "main" [_thread_in_native, id=29889, stack(0x00007fffcd8cb000,0x00007fffcd9cb000)]

Other Threads:
  0x000000000186c000 VMThread [stack: 0x00007fe2caaca000,0x00007fe2cabcb000] [id=29924]
  0x00000000018af800 WatcherThread [stack: 0x00007fe2ca1bf000,0x00007fe2ca2c0000] [id=29933]

VM state:not at safepoint (normal execution)

VM Mutex/Monitor currently owned by a thread: None

Heap
 PSYoungGen      total 74752K, used 46852K [0x00000007ad000000, 0x00000007b2300000, 0x0000000800000000)
  eden space 64512K, 72% used [0x00000007ad000000,0x00000007afd5d110,0x00000007b0f00000)
  from space 10240K, 3% used [0x00000007b0f00000,0x00000007b0f64010,0x00000007b1900000)
  to   space 10240K, 0% used [0x00000007b1900000,0x00000007b1900000,0x00000007b2300000)
 ParOldGen       total 169984K, used 0K [0x0000000707000000, 0x0000000711600000, 0x00000007ad000000)
  object space 169984K, 0% used [0x0000000707000000,0x0000000707000000,0x0000000711600000)
 PSPermGen       total 21504K, used 2872K [0x00000006fca00000, 0x00000006fdf00000, 0x0000000707000000)
  object space 21504K, 13% used [0x00000006fca00000,0x00000006fccce2d8,0x00000006fdf00000)

Card table byte_map: [0x00007fe2e0fe8000,0x00007fe2e1804000] byte_map_base: 0x00007fe2dd803000

Polling page: 0x00007fe2e61c3000

Code Cache  [0x00007fe2d9000000, 0x00007fe2d9270000, 0x00007fe2dc000000)
 total_blobs=182 nmethods=1 adapters=135 free_code_cache=48769Kb largest_free_block=49922944

Compilation events (2 events):
Event: 4.672 Thread 0x0000000001897800    1             java.lang.String::indexOf (70 bytes)
Event: 4.680 Thread 0x0000000001897800 nmethod 1 0x00007fe2d9060810 code [0x00007fe2d9060960, 0x00007fe2d9060b08]

GC Heap History (2 events):
Event: 6.574 GC heap before
{Heap before GC invocations=1 (full 0):
 PSYoungGen      total 74752K, used 64512K [0x00000007ad000000, 0x00000007b2300000, 0x0000000800000000)
  eden space 64512K, 100% used [0x00000007ad000000,0x00000007b0f00000,0x00000007b0f00000)
  from space 10240K, 0% used [0x00000007b1900000,0x00000007b1900000,0x00000007b2300000)
  to   space 10240K, 0% used [0x00000007b0f00000,0x00000007b0f00000,0x00000007b1900000)
 ParOldGen       total 169984K, used 0K [0x0000000707000000, 0x0000000711600000, 0x00000007ad000000)
  object space 169984K, 0% used [0x0000000707000000,0x0000000707000000,0x0000000711600000)
 PSPermGen       total 21504K, used 2860K [0x00000006fca00000, 0x00000006fdf00000, 0x0000000707000000)
  object space 21504K, 13% used [0x00000006fca00000,0x00000006fcccb208,0x00000006fdf00000)
Event: 6.578 GC heap after
Heap after GC invocations=1 (full 0):
 PSYoungGen      total 74752K, used 400K [0x00000007ad000000, 0x00000007b2300000, 0x0000000800000000)
  eden space 64512K, 0% used [0x00000007ad000000,0x00000007ad000000,0x00000007b0f00000)
  from space 10240K, 3% used [0x00000007b0f00000,0x00000007b0f64010,0x00000007b1900000)
  to   space 10240K, 0% used [0x00000007b1900000,0x00000007b1900000,0x00000007b2300000)
 ParOldGen       total 169984K, used 0K [0x0000000707000000, 0x0000000711600000, 0x00000007ad000000)
  object space 169984K, 0% used [0x0000000707000000,0x0000000707000000,0x0000000711600000)
 PSPermGen       total 21504K, used 2860K [0x00000006fca00000, 0x00000006fdf00000, 0x0000000707000000)
  object space 21504K, 13% used [0x00000006fca00000,0x00000006fcccb208,0x00000006fdf00000)
}

Deoptimization events (0 events):
No events

Internal exceptions (10 events):
Event: 0.105 Thread 0x00007fe27c001000 Threw 0x00000007ad150438 at /build/java7-openjdk/src/icedtea-2.4.7/openjdk/hotspot/src/share/vm/prims/jvm.cpp:1244
Event: 0.105 Thread 0x00007fe27c001000 Threw 0x00000007ad1518f0 at /build/java7-openjdk/src/icedtea-2.4.7/openjdk/hotspot/src/share/vm/prims/jvm.cpp:1244
Event: 0.106 Thread 0x00007fe27c001000 Threw 0x00000007ad153a80 at /build/java7-openjdk/src/icedtea-2.4.7/openjdk/hotspot/src/share/vm/prims/jvm.cpp:1244
Event: 0.106 Thread 0x00007fe27c001000 Threw 0x00000007ad155230 at /build/java7-openjdk/src/icedtea-2.4.7/openjdk/hotspot/src/share/vm/prims/jvm.cpp:1244
Event: 0.106 Thread 0x00007fe27c001000 Threw 0x00000007ad156788 at /build/java7-openjdk/src/icedtea-2.4.7/openjdk/hotspot/src/share/vm/prims/jvm.cpp:1244
Event: 0.107 Thread 0x00007fe27c001000 Threw 0x00000007ad157d40 at /build/java7-openjdk/src/icedtea-2.4.7/openjdk/hotspot/src/share/vm/prims/jvm.cpp:1244
Event: 0.109 Thread 0x00007fe27c001000 Threw 0x00000007ad15c220 at /build/java7-openjdk/src/icedtea-2.4.7/openjdk/hotspot/src/share/vm/prims/jvm.cpp:1244
Event: 0.111 Thread 0x00007fe27c001000 Threw 0x00000007ad285740 at /build/java7-openjdk/src/icedtea-2.4.7/openjdk/hotspot/src/share/vm/prims/jvm.cpp:1244
Event: 0.113 Thread 0x00007fe27c001000 Threw 0x00000007ad2876c8 at /build/java7-openjdk/src/icedtea-2.4.7/openjdk/hotspot/src/share/vm/prims/jvm.cpp:1244
Event: 3.254 Thread 0x00007fe27c001000 Threw 0x00000007aebb9448 at /build/java7-openjdk/src/icedtea-2.4.7/openjdk/hotspot/src/share/vm/prims/jvm.cpp:1244

Events (10 events):
Event: 10.227 Thread 0x00007fe27c001000 Thread exited: 0x00007fe27c001000
Event: 10.344 Thread 0x00007fe27c001000 Thread added: 0x00007fe27c001000
Event: 10.344 Thread 0x00007fe27c001000 Thread exited: 0x00007fe27c001000
Event: 17.763 loading class 0x00007fe2e600fd10
Event: 17.764 loading class 0x00007fe2e600fd10 done
Event: 17.764 Thread 0x00007fe298001000 Thread added: 0x00007fe298001000
Event: 17.764 loading class 0x00007fe2e5fc6460
Event: 17.764 loading class 0x00007fe2e5fc6460 done
Event: 17.764 loading class 0x0000000001859aa0
Event: 17.764 loading class 0x0000000001859aa0 done


Dynamic libraries:
00400000-00408000 r-xp 00000000 00:10 21510974                           /usr/bin/stechec2-client
00607000-00608000 r--p 00007000 00:10 21510974                           /usr/bin/stechec2-client
00608000-00609000 rw-p 00008000 00:10 21510974                           /usr/bin/stechec2-client
017de000-01a21000 rw-p 00000000 00:00 0                                  [heap]
6fca00000-6fdf00000 rw-p 00000000 00:00 0 
6fdf00000-707000000 rw-p 00000000 00:00 0 
707000000-711600000 rw-p 00000000 00:00 0 
711600000-7ad000000 rw-p 00000000 00:00 0 
7ad000000-7b2300000 rw-p 00000000 00:00 0 
7b2300000-800000000 rw-p 00000000 00:00 0 
7fe27c000000-7fe27c0d5000 rw-p 00000000 00:00 0 
7fe27c0d5000-7fe280000000 ---p 00000000 00:00 0 
7fe284000000-7fe284021000 rw-p 00000000 00:00 0 
7fe284021000-7fe288000000 ---p 00000000 00:00 0 
7fe288000000-7fe288021000 rw-p 00000000 00:00 0 
7fe288021000-7fe28c000000 ---p 00000000 00:00 0 
7fe28c000000-7fe28c06e000 rw-p 00000000 00:00 0 
7fe28c06e000-7fe290000000 ---p 00000000 00:00 0 
7fe290000000-7fe290021000 rw-p 00000000 00:00 0 
7fe290021000-7fe294000000 ---p 00000000 00:00 0 
7fe294000000-7fe294021000 rw-p 00000000 00:00 0 
7fe294021000-7fe298000000 ---p 00000000 00:00 0 
7fe298000000-7fe298021000 rw-p 00000000 00:00 0 
7fe298021000-7fe29c000000 ---p 00000000 00:00 0 
7fe29c000000-7fe29c021000 rw-p 00000000 00:00 0 
7fe29c021000-7fe2a0000000 ---p 00000000 00:00 0 
7fe2a3e50000-7fe2ac000000 rw-p 00000000 00:00 0 
7fe2ac000000-7fe2ac021000 rw-p 00000000 00:00 0 
7fe2ac021000-7fe2b0000000 ---p 00000000 00:00 0 
7fe2b0000000-7fe2b0021000 rw-p 00000000 00:00 0 
7fe2b0021000-7fe2b4000000 ---p 00000000 00:00 0 
7fe2b4000000-7fe2b4021000 rw-p 00000000 00:00 0 
7fe2b4021000-7fe2b8000000 ---p 00000000 00:00 0 
7fe2bc000000-7fe2bc021000 rw-p 00000000 00:00 0 
7fe2bc021000-7fe2c0000000 ---p 00000000 00:00 0 
7fe2c0000000-7fe2c0021000 rw-p 00000000 00:00 0 
7fe2c0021000-7fe2c4000000 ---p 00000000 00:00 0 
7fe2c4000000-7fe2c4021000 rw-p 00000000 00:00 0 
7fe2c4021000-7fe2c8000000 ---p 00000000 00:00 0 
7fe2c98bd000-7fe2c98c0000 ---p 00000000 00:00 0 
7fe2c98c0000-7fe2c99be000 rw-p 00000000 00:00 0                          [stack:30264]
7fe2c99be000-7fe2c99c1000 ---p 00000000 00:00 0 
7fe2c99c1000-7fe2ca1bf000 rw-p 00000000 00:00 0 
7fe2ca1bf000-7fe2ca1c0000 ---p 00000000 00:00 0 
7fe2ca1c0000-7fe2ca2c0000 rw-p 00000000 00:00 0                          [stack:29933]
7fe2ca2c0000-7fe2ca2c3000 ---p 00000000 00:00 0 
7fe2ca2c3000-7fe2ca3c1000 rw-p 00000000 00:00 0                          [stack:29932]
7fe2ca3c1000-7fe2ca3c4000 ---p 00000000 00:00 0 
7fe2ca3c4000-7fe2ca4c2000 rw-p 00000000 00:00 0                          [stack:29931]
7fe2ca4c2000-7fe2ca4c5000 ---p 00000000 00:00 0 
7fe2ca4c5000-7fe2ca5c3000 rw-p 00000000 00:00 0                          [stack:29930]
7fe2ca5c3000-7fe2ca5c6000 ---p 00000000 00:00 0 
7fe2ca5c6000-7fe2ca6c4000 rw-p 00000000 00:00 0                          [stack:29929]
7fe2ca6c4000-7fe2ca8c8000 r--p 00000000 00:10 21895872                   /usr/lib/locale/locale-archive
7fe2ca8c8000-7fe2ca8cb000 ---p 00000000 00:00 0 
7fe2ca8cb000-7fe2ca9c9000 rw-p 00000000 00:00 0                          [stack:29928]
7fe2ca9c9000-7fe2ca9cc000 ---p 00000000 00:00 0 
7fe2ca9cc000-7fe2caaca000 rw-p 00000000 00:00 0                          [stack:29927]
7fe2caaca000-7fe2caacb000 ---p 00000000 00:00 0 
7fe2caacb000-7fe2cc000000 rw-p 00000000 00:00 0                          [stack:29924]
7fe2cc000000-7fe2cc021000 rw-p 00000000 00:00 0 
7fe2cc021000-7fe2d0000000 ---p 00000000 00:00 0 
7fe2d0000000-7fe2d0021000 rw-p 00000000 00:00 0 
7fe2d0021000-7fe2d4000000 ---p 00000000 00:00 0 
7fe2d4000000-7fe2d4021000 rw-p 00000000 00:00 0 
7fe2d4021000-7fe2d8000000 ---p 00000000 00:00 0 
7fe2d8018000-7fe2d9000000 rw-p 00000000 00:00 0 
7fe2d9000000-7fe2d9270000 rwxp 00000000 00:00 0 
7fe2d9270000-7fe2dc021000 rw-p 00000000 00:00 0 
7fe2dc021000-7fe2e0000000 ---p 00000000 00:00 0 
7fe2e0000000-7fe2e008b000 rw-p 00000000 00:00 0 
7fe2e008b000-7fe2e023a000 r--s 01cfb000 00:10 22025674                   /usr/lib/jvm/java-7-openjdk/jre/lib/rt.jar
7fe2e023a000-7fe2e02b0000 rw-p 00000000 00:00 0 
7fe2e02b0000-7fe2e02b1000 ---p 00000000 00:00 0 
7fe2e02b1000-7fe2e03b1000 rw-p 00000000 00:00 0                          [stack:29921]
7fe2e03b1000-7fe2e03b2000 ---p 00000000 00:00 0 
7fe2e03b2000-7fe2e04b2000 rw-p 00000000 00:00 0                          [stack:29920]
7fe2e04b2000-7fe2e04b3000 ---p 00000000 00:00 0 
7fe2e04b3000-7fe2e05b3000 rw-p 00000000 00:00 0                          [stack:29919]
7fe2e05b3000-7fe2e05b4000 ---p 00000000 00:00 0 
7fe2e05b4000-7fe2e06b4000 rw-p 00000000 00:00 0                          [stack:29918]
7fe2e06b4000-7fe2e06b5000 ---p 00000000 00:00 0 
7fe2e06b5000-7fe2e07b5000 rw-p 00000000 00:00 0                          [stack:29917]
7fe2e07b5000-7fe2e07b6000 ---p 00000000 00:00 0 
7fe2e07b6000-7fe2e08b6000 rw-p 00000000 00:00 0                          [stack:29916]
7fe2e08b6000-7fe2e08b7000 ---p 00000000 00:00 0 
7fe2e08b7000-7fe2e09b7000 rw-p 00000000 00:00 0                          [stack:29915]
7fe2e09b7000-7fe2e09b8000 ---p 00000000 00:00 0 
7fe2e09b8000-7fe2e0b0b000 rw-p 00000000 00:00 0                          [stack:29913]
7fe2e0b0b000-7fe2e0fe8000 rw-p 00000000 00:00 0 
7fe2e0fe8000-7fe2e0ff3000 rw-p 00000000 00:00 0 
7fe2e0ff3000-7fe2e103b000 rw-p 00000000 00:00 0 
7fe2e103b000-7fe2e108e000 rw-p 00000000 00:00 0 
7fe2e108e000-7fe2e156b000 rw-p 00000000 00:00 0 
7fe2e156b000-7fe2e1595000 rw-p 00000000 00:00 0 
7fe2e1595000-7fe2e1803000 rw-p 00000000 00:00 0 
7fe2e1803000-7fe2e1804000 rw-p 00000000 00:00 0 
7fe2e1804000-7fe2e1819000 r-xp 00000000 00:10 21510846                   /usr/lib/libz.so.1.2.8
7fe2e1819000-7fe2e1a18000 ---p 00015000 00:10 21510846                   /usr/lib/libz.so.1.2.8
7fe2e1a18000-7fe2e1a19000 r--p 00014000 00:10 21510846                   /usr/lib/libz.so.1.2.8
7fe2e1a19000-7fe2e1a1a000 rw-p 00015000 00:10 21510846                   /usr/lib/libz.so.1.2.8
7fe2e1a1a000-7fe2e1a22000 r-xp 00000000 00:10 22025707                   /usr/lib/jvm/java-7-openjdk/jre/lib/amd64/libzip.so
7fe2e1a22000-7fe2e1c21000 ---p 00008000 00:10 22025707                   /usr/lib/jvm/java-7-openjdk/jre/lib/amd64/libzip.so
7fe2e1c21000-7fe2e1c22000 rw-p 00007000 00:10 22025707                   /usr/lib/jvm/java-7-openjdk/jre/lib/amd64/libzip.so
7fe2e1c22000-7fe2e1c4d000 r-xp 00000000 00:10 22025686                   /usr/lib/jvm/java-7-openjdk/jre/lib/amd64/libjava.so
7fe2e1c4d000-7fe2e1e4c000 ---p 0002b000 00:10 22025686                   /usr/lib/jvm/java-7-openjdk/jre/lib/amd64/libjava.so
7fe2e1e4c000-7fe2e1e4e000 rw-p 0002a000 00:10 22025686                   /usr/lib/jvm/java-7-openjdk/jre/lib/amd64/libjava.so
7fe2e1e4e000-7fe2e1e5b000 r-xp 00000000 00:10 22025706                   /usr/lib/jvm/java-7-openjdk/jre/lib/amd64/libverify.so
7fe2e1e5b000-7fe2e205a000 ---p 0000d000 00:10 22025706                   /usr/lib/jvm/java-7-openjdk/jre/lib/amd64/libverify.so
7fe2e205a000-7fe2e205c000 rw-p 0000c000 00:10 22025706                   /usr/lib/jvm/java-7-openjdk/jre/lib/amd64/libverify.so
7fe2e205c000-7fe2e2b3c000 r-xp 00000000 00:10 22025712                   /usr/lib/jvm/java-7-openjdk/jre/lib/amd64/server/libjvm.so
7fe2e2b3c000-7fe2e2d3b000 ---p 00ae0000 00:10 22025712                   /usr/lib/jvm/java-7-openjdk/jre/lib/amd64/server/libjvm.so
7fe2e2d3b000-7fe2e2df0000 rw-p 00adf000 00:10 22025712                   /usr/lib/jvm/java-7-openjdk/jre/lib/amd64/server/libjvm.so
7fe2e2df0000-7fe2e2e1d000 rw-p 00000000 00:00 0 
7fe2e2e1d000-7fe2e2e3b000 r-xp 00000000 2b:00 2466                       /home/mnimierdavi/player/java/run/current/champion.so
7fe2e2e3b000-7fe2e303b000 ---p 0001e000 2b:00 2466                       /home/mnimierdavi/player/java/run/current/champion.so
7fe2e303b000-7fe2e303d000 rw-p 0001e000 2b:00 2466                       /home/mnimierdavi/player/java/run/current/champion.so
7fe2e303d000-7fe2e303e000 ---p 00000000 00:00 0 
7fe2e303e000-7fe2e383e000 rw-p 00000000 00:00 0                          [stack:29897]
7fe2e383e000-7fe2e383f000 ---p 00000000 00:00 0 
7fe2e383f000-7fe2e403f000 rw-p 00000000 00:00 0                          [stack:29896]
7fe2e403f000-7fe2e404a000 r-xp 00000000 00:10 21510402                   /usr/lib/libnss_files-2.19.so
7fe2e404a000-7fe2e4249000 ---p 0000b000 00:10 21510402                   /usr/lib/libnss_files-2.19.so
7fe2e4249000-7fe2e424a000 r--p 0000a000 00:10 21510402                   /usr/lib/libnss_files-2.19.so
7fe2e424a000-7fe2e424b000 rw-p 0000b000 00:10 21510402                   /usr/lib/libnss_files-2.19.so
7fe2e424b000-7fe2e4273000 r-xp 00000000 00:10 21496403                   /usr/lib/libprologin2014.so
7fe2e4273000-7fe2e4473000 ---p 00028000 00:10 21496403                   /usr/lib/libprologin2014.so
7fe2e4473000-7fe2e4474000 r--p 00028000 00:10 21496403                   /usr/lib/libprologin2014.so
7fe2e4474000-7fe2e4475000 rw-p 00029000 00:10 21496403                   /usr/lib/libprologin2014.so
7fe2e4475000-7fe2e4578000 r-xp 00000000 00:10 21510298                   /usr/lib/libm-2.19.so
7fe2e4578000-7fe2e4777000 ---p 00103000 00:10 21510298                   /usr/lib/libm-2.19.so
7fe2e4777000-7fe2e4778000 r--p 00102000 00:10 21510298                   /usr/lib/libm-2.19.so
7fe2e4778000-7fe2e4779000 rw-p 00103000 00:10 21510298                   /usr/lib/libm-2.19.so
7fe2e4779000-7fe2e4791000 r-xp 00000000 00:10 21510513                   /usr/lib/libpthread-2.19.so
7fe2e4791000-7fe2e4991000 ---p 00018000 00:10 21510513                   /usr/lib/libpthread-2.19.so
7fe2e4991000-7fe2e4992000 r--p 00018000 00:10 21510513                   /usr/lib/libpthread-2.19.so
7fe2e4992000-7fe2e4993000 rw-p 00019000 00:10 21510513                   /usr/lib/libpthread-2.19.so
7fe2e4993000-7fe2e4997000 rw-p 00000000 00:00 0 
7fe2e4997000-7fe2e499e000 r-xp 00000000 00:10 21510567                   /usr/lib/librt-2.19.so
7fe2e499e000-7fe2e4b9d000 ---p 00007000 00:10 21510567                   /usr/lib/librt-2.19.so
7fe2e4b9d000-7fe2e4b9e000 r--p 00006000 00:10 21510567                   /usr/lib/librt-2.19.so
7fe2e4b9e000-7fe2e4b9f000 rw-p 00007000 00:10 21510567                   /usr/lib/librt-2.19.so
7fe2e4b9f000-7fe2e4beb000 r-xp 00000000 00:10 21510601                   /usr/lib/libsodium.so.4.5.0
7fe2e4beb000-7fe2e4dea000 ---p 0004c000 00:10 21510601                   /usr/lib/libsodium.so.4.5.0
7fe2e4dea000-7fe2e4deb000 r--p 0004b000 00:10 21510601                   /usr/lib/libsodium.so.4.5.0
7fe2e4deb000-7fe2e4df4000 rw-p 0004c000 00:10 21510601                   /usr/lib/libsodium.so.4.5.0
7fe2e4df4000-7fe2e4df7000 r-xp 00000000 00:10 21509760                   /usr/lib/libdl-2.19.so
7fe2e4df7000-7fe2e4ff6000 ---p 00003000 00:10 21509760                   /usr/lib/libdl-2.19.so
7fe2e4ff6000-7fe2e4ff7000 r--p 00002000 00:10 21509760                   /usr/lib/libdl-2.19.so
7fe2e4ff7000-7fe2e4ff8000 rw-p 00003000 00:10 21509760                   /usr/lib/libdl-2.19.so
7fe2e4ff8000-7fe2e519c000 r-xp 00000000 00:10 21509640                   /usr/lib/libc-2.19.so
7fe2e519c000-7fe2e539c000 ---p 001a4000 00:10 21509640                   /usr/lib/libc-2.19.so
7fe2e539c000-7fe2e53a0000 r--p 001a4000 00:10 21509640                   /usr/lib/libc-2.19.so
7fe2e53a0000-7fe2e53a2000 rw-p 001a8000 00:10 21509640                   /usr/lib/libc-2.19.so
7fe2e53a2000-7fe2e53a6000 rw-p 00000000 00:00 0 
7fe2e53a6000-7fe2e53bc000 r-xp 00000000 00:10 21509853                   /usr/lib/libgcc_s.so.1
7fe2e53bc000-7fe2e55bb000 ---p 00016000 00:10 21509853                   /usr/lib/libgcc_s.so.1
7fe2e55bb000-7fe2e55bc000 rw-p 00015000 00:10 21509853                   /usr/lib/libgcc_s.so.1
7fe2e55bc000-7fe2e56a9000 r-xp 00000000 00:10 21510625                   /usr/lib/libstdc++.so.6.0.20
7fe2e56a9000-7fe2e58a8000 ---p 000ed000 00:10 21510625                   /usr/lib/libstdc++.so.6.0.20
7fe2e58a8000-7fe2e58b0000 r--p 000ec000 00:10 21510625                   /usr/lib/libstdc++.so.6.0.20
7fe2e58b0000-7fe2e58b2000 rw-p 000f4000 00:10 21510625                   /usr/lib/libstdc++.so.6.0.20
7fe2e58b2000-7fe2e58c7000 rw-p 00000000 00:00 0 
7fe2e58c7000-7fe2e58e6000 r-xp 00000000 00:10 21509880                   /usr/lib/libgflags.so.2.1.0
7fe2e58e6000-7fe2e5ae6000 ---p 0001f000 00:10 21509880                   /usr/lib/libgflags.so.2.1.0
7fe2e5ae6000-7fe2e5ae7000 r--p 0001f000 00:10 21509880                   /usr/lib/libgflags.so.2.1.0
7fe2e5ae7000-7fe2e5ae8000 rw-p 00020000 00:10 21509880                   /usr/lib/libgflags.so.2.1.0
7fe2e5ae8000-7fe2e5b84000 r-xp 00000000 00:10 21510850                   /usr/lib/libzmq.so.3.1.0
7fe2e5b84000-7fe2e5d84000 ---p 0009c000 00:10 21510850                   /usr/lib/libzmq.so.3.1.0
7fe2e5d84000-7fe2e5d88000 r--p 0009c000 00:10 21510850                   /usr/lib/libzmq.so.3.1.0
7fe2e5d88000-7fe2e5d89000 rw-p 000a0000 00:10 21510850                   /usr/lib/libzmq.so.3.1.0
7fe2e5d89000-7fe2e5d8d000 rw-p 00000000 00:00 0 
7fe2e5d8d000-7fe2e5da2000 r-xp 00000000 00:10 21511019                   /usr/lib/libstechec2.so
7fe2e5da2000-7fe2e5fa2000 ---p 00015000 00:10 21511019                   /usr/lib/libstechec2.so
7fe2e5fa2000-7fe2e5fa3000 r--p 00015000 00:10 21511019                   /usr/lib/libstechec2.so
7fe2e5fa3000-7fe2e5fa4000 rw-p 00016000 00:10 21511019                   /usr/lib/libstechec2.so
7fe2e5fa4000-7fe2e5fc5000 r-xp 00000000 00:10 21509235                   /usr/lib/ld-2.19.so
7fe2e5fc6000-7fe2e607e000 rw-p 00000000 00:00 0 
7fe2e607e000-7fe2e60c6000 rw-p 00000000 00:00 0 
7fe2e60c6000-7fe2e60d0000 rw-p 00000000 00:00 0 
7fe2e60d0000-7fe2e6186000 rw-p 00000000 00:00 0 
7fe2e6186000-7fe2e618f000 rw-p 00000000 00:00 0 
7fe2e618f000-7fe2e6192000 r--s 0000f000 00:10 22025722                   /usr/lib/jvm/java-7-openjdk/jre/lib/ext/pulse-java.jar
7fe2e6192000-7fe2e61ba000 rw-p 00000000 00:00 0 
7fe2e61ba000-7fe2e61c2000 rw-s 00000000 00:24 667036                     /tmp/hsperfdata_mnimierdavi/29889
7fe2e61c2000-7fe2e61c3000 rw-p 00000000 00:00 0 
7fe2e61c3000-7fe2e61c4000 r--p 00000000 00:00 0 
7fe2e61c4000-7fe2e61c5000 r--p 00020000 00:10 21509235                   /usr/lib/ld-2.19.so
7fe2e61c5000-7fe2e61c6000 rw-p 00021000 00:10 21509235                   /usr/lib/ld-2.19.so
7fe2e61c6000-7fe2e61c7000 rw-p 00000000 00:00 0 
7fffcd8cb000-7fffcd8ce000 ---p 00000000 00:00 0 
7fffcd8cf000-7fffcd9cb000 rw-p 00000000 00:00 0                          [stack]
7fffcd9fe000-7fffcda00000 r-xp 00000000 00:00 0                          [vdso]
ffffffffff600000-ffffffffff601000 r-xp 00000000 00:00 0                  [vsyscall]

VM Arguments:
jvm_args: -ea 
java_command: <unknown>
Launcher Type: generic

Environment Variables:
JAVA_HOME=/usr/lib/jvm/java-7-openjdk
PATH=/usr/local/sbin:/usr/local/bin:/usr/bin:/usr/bin/core_perl
SHELL=/bin/zsh
DISPLAY=:0

Signal Handlers:
SIGSEGV: [libjvm.so+0x9180e0], sa_mask[0]=0x7ffbfeff, sa_flags=0x10000004
SIGBUS: [libjvm.so+0x9180e0], sa_mask[0]=0x7ffbfeff, sa_flags=0x10000004
SIGFPE: [libjvm.so+0x795930], sa_mask[0]=0x7ffbfeff, sa_flags=0x10000004
SIGPIPE: [libjvm.so+0x795930], sa_mask[0]=0x7ffbfeff, sa_flags=0x10000004
SIGXFSZ: [libjvm.so+0x795930], sa_mask[0]=0x7ffbfeff, sa_flags=0x10000004
SIGILL: [libjvm.so+0x795930], sa_mask[0]=0x7ffbfeff, sa_flags=0x10000004
SIGUSR1: SIG_DFL, sa_mask[0]=0x00000000, sa_flags=0x00000000
SIGUSR2: [libjvm.so+0x7957d0], sa_mask[0]=0x00000000, sa_flags=0x10000004
SIGHUP: [libjvm.so+0x7959b0], sa_mask[0]=0x7ffbfeff, sa_flags=0x10000004
SIGINT: [libjvm.so+0x7959b0], sa_mask[0]=0x7ffbfeff, sa_flags=0x10000004
SIGTERM: [libjvm.so+0x7959b0], sa_mask[0]=0x7ffbfeff, sa_flags=0x10000004
SIGQUIT: [libjvm.so+0x7959b0], sa_mask[0]=0x7ffbfeff, sa_flags=0x10000004


---------------  S Y S T E M  ---------------

OS:Linux
uname:Linux 3.14.2-1-ARCH #1 SMP PREEMPT Sun Apr 27 11:28:44 CEST 2014 x86_64
libc:glibc 2.19 NPTL 2.19 
rlimit: STACK 8192k, CORE infinity, NPROC 127371, NOFILE 4096, AS infinity
load average:0.45 0.26 0.24

/proc/meminfo:
MemTotal:       16310492 kB
MemFree:        12066420 kB
MemAvailable:   13008432 kB
Buffers:           50536 kB
Cached:          1913152 kB
SwapCached:            0 kB
Active:          2301020 kB
Inactive:        1626488 kB
Active(anon):    1972920 kB
Inactive(anon):   886468 kB
Active(file):     328100 kB
Inactive(file):   740020 kB
Unevictable:          32 kB
Mlocked:              32 kB
SwapTotal:             0 kB
SwapFree:              0 kB
Dirty:                 0 kB
Writeback:             0 kB
AnonPages:       1963932 kB
Mapped:           286732 kB
Shmem:            895576 kB
Slab:             122288 kB
SReclaimable:      85668 kB
SUnreclaim:        36620 kB
KernelStack:        4776 kB
PageTables:        38080 kB
NFS_Unstable:          0 kB
Bounce:                0 kB
WritebackTmp:          0 kB
CommitLimit:     8155244 kB
Committed_AS:    6151036 kB
VmallocTotal:   34359738367 kB
VmallocUsed:      386784 kB
VmallocChunk:   34359333552 kB
HardwareCorrupted:     0 kB
AnonHugePages:   1230848 kB
HugePages_Total:       0
HugePages_Free:        0
HugePages_Rsvd:        0
HugePages_Surp:        0
Hugepagesize:       2048 kB
DirectMap4k:       15696 kB
DirectMap2M:    16633856 kB


CPU:total 8 (4 cores per cpu, 2 threads per core) family 6 model 58 stepping 9, cmov, cx8, fxsr, mmx, sse, sse2, sse3, ssse3, sse4.1, sse4.2, popcnt, avx, aes, erms, ht, tsc, tscinvbit, tscinv

/proc/cpuinfo:
processor	: 0
vendor_id	: GenuineIntel
cpu family	: 6
model		: 58
model name	: Intel(R) Core(TM) i7-3770 CPU @ 3.40GHz
stepping	: 9
microcode	: 0x12
cpu MHz		: 1627.750
cache size	: 8192 KB
physical id	: 0
siblings	: 8
core id		: 0
cpu cores	: 4
apicid		: 0
initial apicid	: 0
fpu		: yes
fpu_exception	: yes
cpuid level	: 13
wp		: yes
flags		: fpu vme de pse tsc msr pae mce cx8 apic sep mtrr pge mca cmov pat pse36 clflush dts acpi mmx fxsr sse sse2 ss ht tm pbe syscall nx rdtscp lm constant_tsc arch_perfmon pebs bts rep_good nopl xtopology nonstop_tsc aperfmperf eagerfpu pni pclmulqdq dtes64 monitor ds_cpl vmx smx est tm2 ssse3 cx16 xtpr pdcm pcid sse4_1 sse4_2 x2apic popcnt tsc_deadline_timer aes xsave avx f16c rdrand lahf_lm ida arat epb xsaveopt pln pts dtherm tpr_shadow vnmi flexpriority ept vpid fsgsbase smep erms
bogomips	: 6787.06
clflush size	: 64
cache_alignment	: 64
address sizes	: 36 bits physical, 48 bits virtual
power management:

processor	: 1
vendor_id	: GenuineIntel
cpu family	: 6
model		: 58
model name	: Intel(R) Core(TM) i7-3770 CPU @ 3.40GHz
stepping	: 9
microcode	: 0x12
cpu MHz		: 1627.750
cache size	: 8192 KB
physical id	: 0
siblings	: 8
core id		: 1
cpu cores	: 4
apicid		: 2
initial apicid	: 2
fpu		: yes
fpu_exception	: yes
cpuid level	: 13
wp		: yes
flags		: fpu vme de pse tsc msr pae mce cx8 apic sep mtrr pge mca cmov pat pse36 clflush dts acpi mmx fxsr sse sse2 ss ht tm pbe syscall nx rdtscp lm constant_tsc arch_perfmon pebs bts rep_good nopl xtopology nonstop_tsc aperfmperf eagerfpu pni pclmulqdq dtes64 monitor ds_cpl vmx smx est tm2 ssse3 cx16 xtpr pdcm pcid sse4_1 sse4_2 x2apic popcnt tsc_deadline_timer aes xsave avx f16c rdrand lahf_lm ida arat epb xsaveopt pln pts dtherm tpr_shadow vnmi flexpriority ept vpid fsgsbase smep erms
bogomips	: 6787.06
clflush size	: 64
cache_alignment	: 64
address sizes	: 36 bits physical, 48 bits virtual
power management:

processor	: 2
vendor_id	: GenuineIntel
cpu family	: 6
model		: 58
model name	: Intel(R) Core(TM) i7-3770 CPU @ 3.40GHz
stepping	: 9
microcode	: 0x12
cpu MHz		: 1627.750
cache size	: 8192 KB
physical id	: 0
siblings	: 8
core id		: 2
cpu cores	: 4
apicid		: 4
initial apicid	: 4
fpu		: yes
fpu_exception	: yes
cpuid level	: 13
wp		: yes
flags		: fpu vme de pse tsc msr pae mce cx8 apic sep mtrr pge mca cmov pat pse36 clflush dts acpi mmx fxsr sse sse2 ss ht tm pbe syscall nx rdtscp lm constant_tsc arch_perfmon pebs bts rep_good nopl xtopology nonstop_tsc aperfmperf eagerfpu pni pclmulqdq dtes64 monitor ds_cpl vmx smx est tm2 ssse3 cx16 xtpr pdcm pcid sse4_1 sse4_2 x2apic popcnt tsc_deadline_timer aes xsave avx f16c rdrand lahf_lm ida arat epb xsaveopt pln pts dtherm tpr_shadow vnmi flexpriority ept vpid fsgsbase smep erms
bogomips	: 6787.06
clflush size	: 64
cache_alignment	: 64
address sizes	: 36 bits physical, 48 bits virtual
power management:

processor	: 3
vendor_id	: GenuineIntel
cpu family	: 6
model		: 58
model name	: Intel(R) Core(TM) i7-3770 CPU @ 3.40GHz
stepping	: 9
microcode	: 0x12
cpu MHz		: 1627.750
cache size	: 8192 KB
physical id	: 0
siblings	: 8
core id		: 3
cpu cores	: 4
apicid		: 6
initial apicid	: 6
fpu		: yes
fpu_exception	: yes
cpuid level	: 13
wp		: yes
flags		: fpu vme de pse tsc msr pae mce cx8 apic sep mtrr pge mca cmov pat pse36 clflush dts acpi mmx fxsr sse sse2 ss ht tm pbe syscall nx rdtscp lm constant_tsc arch_perfmon pebs bts rep_good nopl xtopology nonstop_tsc aperfmperf eagerfpu pni pclmulqdq dtes64 monitor ds_cpl vmx smx est tm2 ssse3 cx16 xtpr pdcm pcid sse4_1 sse4_2 x2apic popcnt tsc_deadline_timer aes xsave avx f16c rdrand lahf_lm ida arat epb xsaveopt pln pts dtherm tpr_shadow vnmi flexpriority ept vpid fsgsbase smep erms
bogomips	: 6787.06
clflush size	: 64
cache_alignment	: 64
address sizes	: 36 bits physical, 48 bits virtual
power management:

processor	: 4
vendor_id	: GenuineIntel
cpu family	: 6
model		: 58
model name	: Intel(R) Core(TM) i7-3770 CPU @ 3.40GHz
stepping	: 9
microcode	: 0x12
cpu MHz		: 1627.750
cache size	: 8192 KB
physical id	: 0
siblings	: 8
core id		: 0
cpu cores	: 4
apicid		: 1
initial apicid	: 1
fpu		: yes
fpu_exception	: yes
cpuid level	: 13
wp		: yes
flags		: fpu vme de pse tsc msr pae mce cx8 apic sep mtrr pge mca cmov pat pse36 clflush dts acpi mmx fxsr sse sse2 ss ht tm pbe syscall nx rdtscp lm constant_tsc arch_perfmon pebs bts rep_good nopl xtopology nonstop_tsc aperfmperf eagerfpu pni pclmulqdq dtes64 monitor ds_cpl vmx smx est tm2 ssse3 cx16 xtpr pdcm pcid sse4_1 sse4_2 x2apic popcnt tsc_deadline_timer aes xsave avx f16c rdrand lahf_lm ida arat epb xsaveopt pln pts dtherm tpr_shadow vnmi flexpriority ept vpid fsgsbase smep erms
bogomips	: 6787.06
clflush size	: 64
cache_alignment	: 64
address sizes	: 36 bits physical, 48 bits virtual
power management:

processor	: 5
vendor_id	: GenuineIntel
cpu family	: 6
model		: 58
model name	: Intel(R) Core(TM) i7-3770 CPU @ 3.40GHz
stepping	: 9
microcode	: 0x12
cpu MHz		: 1627.750
cache size	: 8192 KB
physical id	: 0
siblings	: 8
core id		: 1
cpu cores	: 4
apicid		: 3
initial apicid	: 3
fpu		: yes
fpu_exception	: yes
cpuid level	: 13
wp		: yes
flags		: fpu vme de pse tsc msr pae mce cx8 apic sep mtrr pge mca cmov pat pse36 clflush dts acpi mmx fxsr sse sse2 ss ht tm pbe syscall nx rdtscp lm constant_tsc arch_perfmon pebs bts rep_good nopl xtopology nonstop_tsc aperfmperf eagerfpu pni pclmulqdq dtes64 monitor ds_cpl vmx smx est tm2 ssse3 cx16 xtpr pdcm pcid sse4_1 sse4_2 x2apic popcnt tsc_deadline_timer aes xsave avx f16c rdrand lahf_lm ida arat epb xsaveopt pln pts dtherm tpr_shadow vnmi flexpriority ept vpid fsgsbase smep erms
bogomips	: 6787.06
clflush size	: 64
cache_alignment	: 64
address sizes	: 36 bits physical, 48 bits virtual
power management:

processor	: 6
vendor_id	: GenuineIntel
cpu family	: 6
model		: 58
model name	: Intel(R) Core(TM) i7-3770 CPU @ 3.40GHz
stepping	: 9
microcode	: 0x12
cpu MHz		: 1627.750
cache size	: 8192 KB
physical id	: 0
siblings	: 8
core id		: 2
cpu cores	: 4
apicid		: 5
initial apicid	: 5
fpu		: yes
fpu_exception	: yes
cpuid level	: 13
wp		: yes
flags		: fpu vme de pse tsc msr pae mce cx8 apic sep mtrr pge mca cmov pat pse36 clflush dts acpi mmx fxsr sse sse2 ss ht tm pbe syscall nx rdtscp lm constant_tsc arch_perfmon pebs bts rep_good nopl xtopology nonstop_tsc aperfmperf eagerfpu pni pclmulqdq dtes64 monitor ds_cpl vmx smx est tm2 ssse3 cx16 xtpr pdcm pcid sse4_1 sse4_2 x2apic popcnt tsc_deadline_timer aes xsave avx f16c rdrand lahf_lm ida arat epb xsaveopt pln pts dtherm tpr_shadow vnmi flexpriority ept vpid fsgsbase smep erms
bogomips	: 6787.06
clflush size	: 64
cache_alignment	: 64
address sizes	: 36 bits physical, 48 bits virtual
power management:

processor	: 7
vendor_id	: GenuineIntel
cpu family	: 6
model		: 58
model name	: Intel(R) Core(TM) i7-3770 CPU @ 3.40GHz
stepping	: 9
microcode	: 0x12
cpu MHz		: 1627.750
cache size	: 8192 KB
physical id	: 0
siblings	: 8
core id		: 3
cpu cores	: 4
apicid		: 7
initial apicid	: 7
fpu		: yes
fpu_exception	: yes
cpuid level	: 13
wp		: yes
flags		: fpu vme de pse tsc msr pae mce cx8 apic sep mtrr pge mca cmov pat pse36 clflush dts acpi mmx fxsr sse sse2 ss ht tm pbe syscall nx rdtscp lm constant_tsc arch_perfmon pebs bts rep_good nopl xtopology nonstop_tsc aperfmperf eagerfpu pni pclmulqdq dtes64 monitor ds_cpl vmx smx est tm2 ssse3 cx16 xtpr pdcm pcid sse4_1 sse4_2 x2apic popcnt tsc_deadline_timer aes xsave avx f16c rdrand lahf_lm ida arat epb xsaveopt pln pts dtherm tpr_shadow vnmi flexpriority ept vpid fsgsbase smep erms
bogomips	: 6787.06
clflush size	: 64
cache_alignment	: 64
address sizes	: 36 bits physical, 48 bits virtual
power management:



Memory: 4k page, physical 16310492k(12066420k free), swap 0k(0k free)

vm_info: OpenJDK 64-Bit Server VM (24.51-b03) for linux-amd64 JRE (1.7.0_55-b14), built on Apr 16 2014 11:37:37 by "nobody" with gcc 4.8.2 20140206 (prerelease)

time: Fri May  9 10:18:11 2014
elapsed time: 17 seconds

